[2015-07-26 07:39:37] production.ERROR: exception 'RuntimeException' with message 'Too many arguments.' in /home/abhimanyu/workspace/medilab/vendor/symfony/console/Symfony/Component/Console/Input/ArgvInput.php:181
Stack trace:
#0 /home/abhimanyu/workspace/medilab/vendor/symfony/console/Symfony/Component/Console/Input/ArgvInput.php(90): Symfony\Component\Console\Input\ArgvInput->parseArgument('app_settings_ta...')
#1 /home/abhimanyu/workspace/medilab/vendor/symfony/console/Symfony/Component/Console/Input/Input.php(61): Symfony\Component\Console\Input\ArgvInput->parse()
#2 /home/abhimanyu/workspace/medilab/vendor/symfony/console/Symfony/Component/Console/Command/Command.php(225): Symfony\Component\Console\Input\Input->bind(Object(Symfony\Component\Console\Input\InputDefinition))
#3 /home/abhimanyu/workspace/medilab/vendor/laravel/framework/src/Illuminate/Console/Command.php(100): Symfony\Component\Console\Command\Command->run(Object(Symfony\Component\Console\Input\ArgvInput), Object(Symfony\Component\Console\Output\ConsoleOutput))
#4 /home/abhimanyu/workspace/medilab/vendor/symfony/console/Symfony/Component/Console/Application.php(889): Illuminate\Console\Command->run(Object(Symfony\Component\Console\Input\ArgvInput), Object(Symfony\Component\Console\Output\ConsoleOutput))
#5 /home/abhimanyu/workspace/medilab/vendor/symfony/console/Symfony/Component/Console/Application.php(193): Symfony\Component\Console\Application->doRunCommand(Object(Illuminate\Database\Console\Migrations\MigrateMakeCommand), Object(Symfony\Component\Console\Input\ArgvInput), Object(Symfony\Component\Console\Output\ConsoleOutput))
#6 /home/abhimanyu/workspace/medilab/vendor/symfony/console/Symfony/Component/Console/Application.php(124): Symfony\Component\Console\Application->doRun(Object(Symfony\Component\Console\Input\ArgvInput), Object(Symfony\Component\Console\Output\ConsoleOutput))
#7 /home/abhimanyu/workspace/medilab/artisan(59): Symfony\Component\Console\Application->run()
#8 {main} [] []
[2015-07-28 07:11:51] production.ERROR: exception 'PDOException' with message 'SQLSTATE[23000]: Integrity constraint violation: 1048 Column 'mobile_number' cannot be null' in /home/abhimanyu/workspace/medilab/vendor/laravel/framework/src/Illuminate/Database/Connection.php:369
Stack trace:
#0 /home/abhimanyu/workspace/medilab/vendor/laravel/framework/src/Illuminate/Database/Connection.php(369): PDOStatement->execute(Array)
#1 /home/abhimanyu/workspace/medilab/vendor/laravel/framework/src/Illuminate/Database/Connection.php(617): Illuminate\Database\Connection->Illuminate\Database\{closure}(Object(Illuminate\Database\MySqlConnection), 'insert into `pa...', Array)
#2 /home/abhimanyu/workspace/medilab/vendor/laravel/framework/src/Illuminate/Database/Connection.php(581): Illuminate\Database\Connection->runQueryCallback('insert into `pa...', Array, Object(Closure))
#3 /home/abhimanyu/workspace/medilab/vendor/laravel/framework/src/Illuminate/Database/Connection.php(370): Illuminate\Database\Connection->run('insert into `pa...', Array, Object(Closure))
#4 /home/abhimanyu/workspace/medilab/vendor/laravel/framework/src/Illuminate/Database/Connection.php(327): Illuminate\Database\Connection->statement('insert into `pa...', Array)
#5 /home/abhimanyu/workspace/medilab/vendor/laravel/framework/src/Illuminate/Database/Query/Processors/Processor.php(30): Illuminate\Database\Connection->insert('insert into `pa...', Array)
#6 /home/abhimanyu/workspace/medilab/vendor/laravel/framework/src/Illuminate/Database/Query/Builder.php(1910): Illuminate\Database\Query\Processors\Processor->processInsertGetId(Object(Illuminate\Database\Query\Builder), 'insert into `pa...', Array, 'id')
#7 [internal function]: Illuminate\Database\Query\Builder->insertGetId(Array, 'id')
#8 /home/abhimanyu/workspace/medilab/vendor/laravel/framework/src/Illuminate/Database/Eloquent/Builder.php(972): call_user_func_array(Array, Array)
#9 /home/abhimanyu/workspace/medilab/vendor/laravel/framework/src/Illuminate/Database/Eloquent/Model.php(1580): Illuminate\Database\Eloquent\Builder->__call('insertGetId', Array)
#10 /home/abhimanyu/workspace/medilab/vendor/laravel/framework/src/Illuminate/Database/Eloquent/Model.php(1580): Illuminate\Database\Eloquent\Builder->insertGetId(Array, 'id')
#11 /home/abhimanyu/workspace/medilab/vendor/laravel/framework/src/Illuminate/Database/Eloquent/Model.php(1550): Illuminate\Database\Eloquent\Model->insertAndSetId(Object(Illuminate\Database\Eloquent\Builder), Array)
#12 /home/abhimanyu/workspace/medilab/vendor/laravel/framework/src/Illuminate/Database/Eloquent/Model.php(1456): Illuminate\Database\Eloquent\Model->performInsert(Object(Illuminate\Database\Eloquent\Builder), Array)
#13 /home/abhimanyu/workspace/medilab/app/models/PasscodeVerification.php(12): Illuminate\Database\Eloquent\Model->save()
#14 /home/abhimanyu/workspace/medilab/app/controllers/UserController.php(50): PasscodeVerification->insert(948945)
#15 [internal function]: UserController->signUpMobile()
#16 /home/abhimanyu/workspace/medilab/vendor/laravel/framework/src/Illuminate/Routing/Controller.php(231): call_user_func_array(Array, Array)
#17 /home/abhimanyu/workspace/medilab/vendor/laravel/framework/src/Illuminate/Routing/ControllerDispatcher.php(93): Illuminate\Routing\Controller->callAction('signUpMobile', Array)
#18 /home/abhimanyu/workspace/medilab/vendor/laravel/framework/src/Illuminate/Routing/ControllerDispatcher.php(62): Illuminate\Routing\ControllerDispatcher->call(Object(UserController), Object(Illuminate\Routing\Route), 'signUpMobile')
#19 /home/abhimanyu/workspace/medilab/vendor/laravel/framework/src/Illuminate/Routing/Router.php(967): Illuminate\Routing\ControllerDispatcher->dispatch(Object(Illuminate\Routing\Route), Object(Illuminate\Http\Request), 'UserController', 'signUpMobile')
#20 [internal function]: Illuminate\Routing\Router->Illuminate\Routing\{closure}()
#21 /home/abhimanyu/workspace/medilab/vendor/laravel/framework/src/Illuminate/Routing/Route.php(109): call_user_func_array(Object(Closure), Array)
#22 /home/abhimanyu/workspace/medilab/vendor/laravel/framework/src/Illuminate/Routing/Router.php(1033): Illuminate\Routing\Route->run(Object(Illuminate\Http\Request))
#23 /home/abhimanyu/workspace/medilab/vendor/laravel/framework/src/Illuminate/Routing/Router.php(1001): Illuminate\Routing\Router->dispatchToRoute(Object(Illuminate\Http\Request))
#24 /home/abhimanyu/workspace/medilab/vendor/laravel/framework/src/Illuminate/Foundation/Application.php(775): Illuminate\Routing\Router->dispatch(Object(Illuminate\Http\Request))
#25 /home/abhimanyu/workspace/medilab/vendor/laravel/framework/src/Illuminate/Foundation/Application.php(745): Illuminate\Foundation\Application->dispatch(Object(Illuminate\Http\Request))
#26 /home/abhimanyu/workspace/medilab/vendor/laravel/framework/src/Illuminate/Session/Middleware.php(72): Illuminate\Foundation\Application->handle(Object(Illuminate\Http\Request), 1, true)
#27 /home/abhimanyu/workspace/medilab/vendor/laravel/framework/src/Illuminate/Cookie/Queue.php(47): Illuminate\Session\Middleware->handle(Object(Illuminate\Http\Request), 1, true)
#28 /home/abhimanyu/workspace/medilab/vendor/laravel/framework/src/Illuminate/Cookie/Guard.php(51): Illuminate\Cookie\Queue->handle(Object(Illuminate\Http\Request), 1, true)
#29 /home/abhimanyu/workspace/medilab/vendor/stack/builder/src/Stack/StackedHttpKernel.php(23): Illuminate\Cookie\Guard->handle(Object(Illuminate\Http\Request), 1, true)
#30 /home/abhimanyu/workspace/medilab/vendor/laravel/framework/src/Illuminate/Foundation/Application.php(641): Stack\StackedHttpKernel->handle(Object(Illuminate\Http\Request))
#31 /home/abhimanyu/workspace/medilab/public/index.php(49): Illuminate\Foundation\Application->run()
#32 {main}

Next exception 'Illuminate\Database\QueryException' with message 'SQLSTATE[23000]: Integrity constraint violation: 1048 Column 'mobile_number' cannot be null (SQL: insert into `passcode_verification` (`mobile_number`, `passcode`, `verified_status`, `updated_at`, `created_at`) values (, , No, 2015-07-28 07:11:51, 2015-07-28 07:11:51))' in /home/abhimanyu/workspace/medilab/vendor/laravel/framework/src/Illuminate/Database/Connection.php:625
Stack trace:
#0 /home/abhimanyu/workspace/medilab/vendor/laravel/framework/src/Illuminate/Database/Connection.php(581): Illuminate\Database\Connection->runQueryCallback('insert into `pa...', Array, Object(Closure))
#1 /home/abhimanyu/workspace/medilab/vendor/laravel/framework/src/Illuminate/Database/Connection.php(370): Illuminate\Database\Connection->run('insert into `pa...', Array, Object(Closure))
#2 /home/abhimanyu/workspace/medilab/vendor/laravel/framework/src/Illuminate/Database/Connection.php(327): Illuminate\Database\Connection->statement('insert into `pa...', Array)
#3 /home/abhimanyu/workspace/medilab/vendor/laravel/framework/src/Illuminate/Database/Query/Processors/Processor.php(30): Illuminate\Database\Connection->insert('insert into `pa...', Array)
#4 /home/abhimanyu/workspace/medilab/vendor/laravel/framework/src/Illuminate/Database/Query/Builder.php(1910): Illuminate\Database\Query\Processors\Processor->processInsertGetId(Object(Illuminate\Database\Query\Builder), 'insert into `pa...', Array, 'id')
#5 [internal function]: Illuminate\Database\Query\Builder->insertGetId(Array, 'id')
#6 /home/abhimanyu/workspace/medilab/vendor/laravel/framework/src/Illuminate/Database/Eloquent/Builder.php(972): call_user_func_array(Array, Array)
#7 /home/abhimanyu/workspace/medilab/vendor/laravel/framework/src/Illuminate/Database/Eloquent/Model.php(1580): Illuminate\Database\Eloquent\Builder->__call('insertGetId', Array)
#8 /home/abhimanyu/workspace/medilab/vendor/laravel/framework/src/Illuminate/Database/Eloquent/Model.php(1580): Illuminate\Database\Eloquent\Builder->insertGetId(Array, 'id')
#9 /home/abhimanyu/workspace/medilab/vendor/laravel/framework/src/Illuminate/Database/Eloquent/Model.php(1550): Illuminate\Database\Eloquent\Model->insertAndSetId(Object(Illuminate\Database\Eloquent\Builder), Array)
#10 /home/abhimanyu/workspace/medilab/vendor/laravel/framework/src/Illuminate/Database/Eloquent/Model.php(1456): Illuminate\Database\Eloquent\Model->performInsert(Object(Illuminate\Database\Eloquent\Builder), Array)
#11 /home/abhimanyu/workspace/medilab/app/models/PasscodeVerification.php(12): Illuminate\Database\Eloquent\Model->save()
#12 /home/abhimanyu/workspace/medilab/app/controllers/UserController.php(50): PasscodeVerification->insert(948945)
#13 [internal function]: UserController->signUpMobile()
#14 /home/abhimanyu/workspace/medilab/vendor/laravel/framework/src/Illuminate/Routing/Controller.php(231): call_user_func_array(Array, Array)
#15 /home/abhimanyu/workspace/medilab/vendor/laravel/framework/src/Illuminate/Routing/ControllerDispatcher.php(93): Illuminate\Routing\Controller->callAction('signUpMobile', Array)
#16 /home/abhimanyu/workspace/medilab/vendor/laravel/framework/src/Illuminate/Routing/ControllerDispatcher.php(62): Illuminate\Routing\ControllerDispatcher->call(Object(UserController), Object(Illuminate\Routing\Route), 'signUpMobile')
#17 /home/abhimanyu/workspace/medilab/vendor/laravel/framework/src/Illuminate/Routing/Router.php(967): Illuminate\Routing\ControllerDispatcher->dispatch(Object(Illuminate\Routing\Route), Object(Illuminate\Http\Request), 'UserController', 'signUpMobile')
#18 [internal function]: Illuminate\Routing\Router->Illuminate\Routing\{closure}()
#19 /home/abhimanyu/workspace/medilab/vendor/laravel/framework/src/Illuminate/Routing/Route.php(109): call_user_func_array(Object(Closure), Array)
#20 /home/abhimanyu/workspace/medilab/vendor/laravel/framework/src/Illuminate/Routing/Router.php(1033): Illuminate\Routing\Route->run(Object(Illuminate\Http\Request))
#21 /home/abhimanyu/workspace/medilab/vendor/laravel/framework/src/Illuminate/Routing/Router.php(1001): Illuminate\Routing\Router->dispatchToRoute(Object(Illuminate\Http\Request))
#22 /home/abhimanyu/workspace/medilab/vendor/laravel/framework/src/Illuminate/Foundation/Application.php(775): Illuminate\Routing\Router->dispatch(Object(Illuminate\Http\Request))
#23 /home/abhimanyu/workspace/medilab/vendor/laravel/framework/src/Illuminate/Foundation/Application.php(745): Illuminate\Foundation\Application->dispatch(Object(Illuminate\Http\Request))
#24 /home/abhimanyu/workspace/medilab/vendor/laravel/framework/src/Illuminate/Session/Middleware.php(72): Illuminate\Foundation\Application->handle(Object(Illuminate\Http\Request), 1, true)
#25 /home/abhimanyu/workspace/medilab/vendor/laravel/framework/src/Illuminate/Cookie/Queue.php(47): Illuminate\Session\Middleware->handle(Object(Illuminate\Http\Request), 1, true)
#26 /home/abhimanyu/workspace/medilab/vendor/laravel/framework/src/Illuminate/Cookie/Guard.php(51): Illuminate\Cookie\Queue->handle(Object(Illuminate\Http\Request), 1, true)
#27 /home/abhimanyu/workspace/medilab/vendor/stack/builder/src/Stack/StackedHttpKernel.php(23): Illuminate\Cookie\Guard->handle(Object(Illuminate\Http\Request), 1, true)
#28 /home/abhimanyu/workspace/medilab/vendor/laravel/framework/src/Illuminate/Foundation/Application.php(641): Stack\StackedHttpKernel->handle(Object(Illuminate\Http\Request))
#29 /home/abhimanyu/workspace/medilab/public/index.php(49): Illuminate\Foundation\Application->run()
#30 {main} [] []
[2015-07-28 07:16:13] production.ERROR: exception 'PDOException' with message 'SQLSTATE[23000]: Integrity constraint violation: 1048 Column 'mobile_number' cannot be null' in /home/abhimanyu/workspace/medilab/vendor/laravel/framework/src/Illuminate/Database/Connection.php:369
Stack trace:
#0 /home/abhimanyu/workspace/medilab/vendor/laravel/framework/src/Illuminate/Database/Connection.php(369): PDOStatement->execute(Array)
#1 /home/abhimanyu/workspace/medilab/vendor/laravel/framework/src/Illuminate/Database/Connection.php(617): Illuminate\Database\Connection->Illuminate\Database\{closure}(Object(Illuminate\Database\MySqlConnection), 'insert into `pa...', Array)
#2 /home/abhimanyu/workspace/medilab/vendor/laravel/framework/src/Illuminate/Database/Connection.php(581): Illuminate\Database\Connection->runQueryCallback('insert into `pa...', Array, Object(Closure))
#3 /home/abhimanyu/workspace/medilab/vendor/laravel/framework/src/Illuminate/Database/Connection.php(370): Illuminate\Database\Connection->run('insert into `pa...', Array, Object(Closure))
#4 /home/abhimanyu/workspace/medilab/vendor/laravel/framework/src/Illuminate/Database/Connection.php(327): Illuminate\Database\Connection->statement('insert into `pa...', Array)
#5 /home/abhimanyu/workspace/medilab/vendor/laravel/framework/src/Illuminate/Database/Query/Processors/Processor.php(30): Illuminate\Database\Connection->insert('insert into `pa...', Array)
#6 /home/abhimanyu/workspace/medilab/vendor/laravel/framework/src/Illuminate/Database/Query/Builder.php(1910): Illuminate\Database\Query\Processors\Processor->processInsertGetId(Object(Illuminate\Database\Query\Builder), 'insert into `pa...', Array, 'id')
#7 [internal function]: Illuminate\Database\Query\Builder->insertGetId(Array, 'id')
#8 /home/abhimanyu/workspace/medilab/vendor/laravel/framework/src/Illuminate/Database/Eloquent/Builder.php(972): call_user_func_array(Array, Array)
#9 /home/abhimanyu/workspace/medilab/vendor/laravel/framework/src/Illuminate/Database/Eloquent/Model.php(1580): Illuminate\Database\Eloquent\Builder->__call('insertGetId', Array)
#10 /home/abhimanyu/workspace/medilab/vendor/laravel/framework/src/Illuminate/Database/Eloquent/Model.php(1580): Illuminate\Database\Eloquent\Builder->insertGetId(Array, 'id')
#11 /home/abhimanyu/workspace/medilab/vendor/laravel/framework/src/Illuminate/Database/Eloquent/Model.php(1550): Illuminate\Database\Eloquent\Model->insertAndSetId(Object(Illuminate\Database\Eloquent\Builder), Array)
#12 /home/abhimanyu/workspace/medilab/vendor/laravel/framework/src/Illuminate/Database/Eloquent/Model.php(1456): Illuminate\Database\Eloquent\Model->performInsert(Object(Illuminate\Database\Eloquent\Builder), Array)
#13 /home/abhimanyu/workspace/medilab/app/models/PasscodeVerification.php(12): Illuminate\Database\Eloquent\Model->save()
#14 /home/abhimanyu/workspace/medilab/app/controllers/UserController.php(50): PasscodeVerification->insert(300249)
#15 [internal function]: UserController->signUpMobile()
#16 /home/abhimanyu/workspace/medilab/vendor/laravel/framework/src/Illuminate/Routing/Controller.php(231): call_user_func_array(Array, Array)
#17 /home/abhimanyu/workspace/medilab/vendor/laravel/framework/src/Illuminate/Routing/ControllerDispatcher.php(93): Illuminate\Routing\Controller->callAction('signUpMobile', Array)
#18 /home/abhimanyu/workspace/medilab/vendor/laravel/framework/src/Illuminate/Routing/ControllerDispatcher.php(62): Illuminate\Routing\ControllerDispatcher->call(Object(UserController), Object(Illuminate\Routing\Route), 'signUpMobile')
#19 /home/abhimanyu/workspace/medilab/vendor/laravel/framework/src/Illuminate/Routing/Router.php(967): Illuminate\Routing\ControllerDispatcher->dispatch(Object(Illuminate\Routing\Route), Object(Illuminate\Http\Request), 'UserController', 'signUpMobile')
#20 [internal function]: Illuminate\Routing\Router->Illuminate\Routing\{closure}()
#21 /home/abhimanyu/workspace/medilab/vendor/laravel/framework/src/Illuminate/Routing/Route.php(109): call_user_func_array(Object(Closure), Array)
#22 /home/abhimanyu/workspace/medilab/vendor/laravel/framework/src/Illuminate/Routing/Router.php(1033): Illuminate\Routing\Route->run(Object(Illuminate\Http\Request))
#23 /home/abhimanyu/workspace/medilab/vendor/laravel/framework/src/Illuminate/Routing/Router.php(1001): Illuminate\Routing\Router->dispatchToRoute(Object(Illuminate\Http\Request))
#24 /home/abhimanyu/workspace/medilab/vendor/laravel/framework/src/Illuminate/Foundation/Application.php(775): Illuminate\Routing\Router->dispatch(Object(Illuminate\Http\Request))
#25 /home/abhimanyu/workspace/medilab/vendor/laravel/framework/src/Illuminate/Foundation/Application.php(745): Illuminate\Foundation\Application->dispatch(Object(Illuminate\Http\Request))
#26 /home/abhimanyu/workspace/medilab/vendor/laravel/framework/src/Illuminate/Session/Middleware.php(72): Illuminate\Foundation\Application->handle(Object(Illuminate\Http\Request), 1, true)
#27 /home/abhimanyu/workspace/medilab/vendor/laravel/framework/src/Illuminate/Cookie/Queue.php(47): Illuminate\Session\Middleware->handle(Object(Illuminate\Http\Request), 1, true)
#28 /home/abhimanyu/workspace/medilab/vendor/laravel/framework/src/Illuminate/Cookie/Guard.php(51): Illuminate\Cookie\Queue->handle(Object(Illuminate\Http\Request), 1, true)
#29 /home/abhimanyu/workspace/medilab/vendor/stack/builder/src/Stack/StackedHttpKernel.php(23): Illuminate\Cookie\Guard->handle(Object(Illuminate\Http\Request), 1, true)
#30 /home/abhimanyu/workspace/medilab/vendor/laravel/framework/src/Illuminate/Foundation/Application.php(641): Stack\StackedHttpKernel->handle(Object(Illuminate\Http\Request))
#31 /home/abhimanyu/workspace/medilab/public/index.php(49): Illuminate\Foundation\Application->run()
#32 {main}

Next exception 'Illuminate\Database\QueryException' with message 'SQLSTATE[23000]: Integrity constraint violation: 1048 Column 'mobile_number' cannot be null (SQL: insert into `passcode_verification` (`mobile_number`, `passcode`, `verified_status`, `updated_at`, `created_at`) values (, , No, 2015-07-28 07:16:13, 2015-07-28 07:16:13))' in /home/abhimanyu/workspace/medilab/vendor/laravel/framework/src/Illuminate/Database/Connection.php:625
Stack trace:
#0 /home/abhimanyu/workspace/medilab/vendor/laravel/framework/src/Illuminate/Database/Connection.php(581): Illuminate\Database\Connection->runQueryCallback('insert into `pa...', Array, Object(Closure))
#1 /home/abhimanyu/workspace/medilab/vendor/laravel/framework/src/Illuminate/Database/Connection.php(370): Illuminate\Database\Connection->run('insert into `pa...', Array, Object(Closure))
#2 /home/abhimanyu/workspace/medilab/vendor/laravel/framework/src/Illuminate/Database/Connection.php(327): Illuminate\Database\Connection->statement('insert into `pa...', Array)
#3 /home/abhimanyu/workspace/medilab/vendor/laravel/framework/src/Illuminate/Database/Query/Processors/Processor.php(30): Illuminate\Database\Connection->insert('insert into `pa...', Array)
#4 /home/abhimanyu/workspace/medilab/vendor/laravel/framework/src/Illuminate/Database/Query/Builder.php(1910): Illuminate\Database\Query\Processors\Processor->processInsertGetId(Object(Illuminate\Database\Query\Builder), 'insert into `pa...', Array, 'id')
#5 [internal function]: Illuminate\Database\Query\Builder->insertGetId(Array, 'id')
#6 /home/abhimanyu/workspace/medilab/vendor/laravel/framework/src/Illuminate/Database/Eloquent/Builder.php(972): call_user_func_array(Array, Array)
#7 /home/abhimanyu/workspace/medilab/vendor/laravel/framework/src/Illuminate/Database/Eloquent/Model.php(1580): Illuminate\Database\Eloquent\Builder->__call('insertGetId', Array)
#8 /home/abhimanyu/workspace/medilab/vendor/laravel/framework/src/Illuminate/Database/Eloquent/Model.php(1580): Illuminate\Database\Eloquent\Builder->insertGetId(Array, 'id')
#9 /home/abhimanyu/workspace/medilab/vendor/laravel/framework/src/Illuminate/Database/Eloquent/Model.php(1550): Illuminate\Database\Eloquent\Model->insertAndSetId(Object(Illuminate\Database\Eloquent\Builder), Array)
#10 /home/abhimanyu/workspace/medilab/vendor/laravel/framework/src/Illuminate/Database/Eloquent/Model.php(1456): Illuminate\Database\Eloquent\Model->performInsert(Object(Illuminate\Database\Eloquent\Builder), Array)
#11 /home/abhimanyu/workspace/medilab/app/models/PasscodeVerification.php(12): Illuminate\Database\Eloquent\Model->save()
#12 /home/abhimanyu/workspace/medilab/app/controllers/UserController.php(50): PasscodeVerification->insert(300249)
#13 [internal function]: UserController->signUpMobile()
#14 /home/abhimanyu/workspace/medilab/vendor/laravel/framework/src/Illuminate/Routing/Controller.php(231): call_user_func_array(Array, Array)
#15 /home/abhimanyu/workspace/medilab/vendor/laravel/framework/src/Illuminate/Routing/ControllerDispatcher.php(93): Illuminate\Routing\Controller->callAction('signUpMobile', Array)
#16 /home/abhimanyu/workspace/medilab/vendor/laravel/framework/src/Illuminate/Routing/ControllerDispatcher.php(62): Illuminate\Routing\ControllerDispatcher->call(Object(UserController), Object(Illuminate\Routing\Route), 'signUpMobile')
#17 /home/abhimanyu/workspace/medilab/vendor/laravel/framework/src/Illuminate/Routing/Router.php(967): Illuminate\Routing\ControllerDispatcher->dispatch(Object(Illuminate\Routing\Route), Object(Illuminate\Http\Request), 'UserController', 'signUpMobile')
#18 [internal function]: Illuminate\Routing\Router->Illuminate\Routing\{closure}()
#19 /home/abhimanyu/workspace/medilab/vendor/laravel/framework/src/Illuminate/Routing/Route.php(109): call_user_func_array(Object(Closure), Array)
#20 /home/abhimanyu/workspace/medilab/vendor/laravel/framework/src/Illuminate/Routing/Router.php(1033): Illuminate\Routing\Route->run(Object(Illuminate\Http\Request))
#21 /home/abhimanyu/workspace/medilab/vendor/laravel/framework/src/Illuminate/Routing/Router.php(1001): Illuminate\Routing\Router->dispatchToRoute(Object(Illuminate\Http\Request))
#22 /home/abhimanyu/workspace/medilab/vendor/laravel/framework/src/Illuminate/Foundation/Application.php(775): Illuminate\Routing\Router->dispatch(Object(Illuminate\Http\Request))
#23 /home/abhimanyu/workspace/medilab/vendor/laravel/framework/src/Illuminate/Foundation/Application.php(745): Illuminate\Foundation\Application->dispatch(Object(Illuminate\Http\Request))
#24 /home/abhimanyu/workspace/medilab/vendor/laravel/framework/src/Illuminate/Session/Middleware.php(72): Illuminate\Foundation\Application->handle(Object(Illuminate\Http\Request), 1, true)
#25 /home/abhimanyu/workspace/medilab/vendor/laravel/framework/src/Illuminate/Cookie/Queue.php(47): Illuminate\Session\Middleware->handle(Object(Illuminate\Http\Request), 1, true)
#26 /home/abhimanyu/workspace/medilab/vendor/laravel/framework/src/Illuminate/Cookie/Guard.php(51): Illuminate\Cookie\Queue->handle(Object(Illuminate\Http\Request), 1, true)
#27 /home/abhimanyu/workspace/medilab/vendor/stack/builder/src/Stack/StackedHttpKernel.php(23): Illuminate\Cookie\Guard->handle(Object(Illuminate\Http\Request), 1, true)
#28 /home/abhimanyu/workspace/medilab/vendor/laravel/framework/src/Illuminate/Foundation/Application.php(641): Stack\StackedHttpKernel->handle(Object(Illuminate\Http\Request))
#29 /home/abhimanyu/workspace/medilab/public/index.php(49): Illuminate\Foundation\Application->run()
#30 {main} [] []
[2015-07-28 07:16:29] production.ERROR: exception 'PDOException' with message 'SQLSTATE[23000]: Integrity constraint violation: 1048 Column 'mobile_number' cannot be null' in /home/abhimanyu/workspace/medilab/vendor/laravel/framework/src/Illuminate/Database/Connection.php:369
Stack trace:
#0 /home/abhimanyu/workspace/medilab/vendor/laravel/framework/src/Illuminate/Database/Connection.php(369): PDOStatement->execute(Array)
#1 /home/abhimanyu/workspace/medilab/vendor/laravel/framework/src/Illuminate/Database/Connection.php(617): Illuminate\Database\Connection->Illuminate\Database\{closure}(Object(Illuminate\Database\MySqlConnection), 'insert into `pa...', Array)
#2 /home/abhimanyu/workspace/medilab/vendor/laravel/framework/src/Illuminate/Database/Connection.php(581): Illuminate\Database\Connection->runQueryCallback('insert into `pa...', Array, Object(Closure))
#3 /home/abhimanyu/workspace/medilab/vendor/laravel/framework/src/Illuminate/Database/Connection.php(370): Illuminate\Database\Connection->run('insert into `pa...', Array, Object(Closure))
#4 /home/abhimanyu/workspace/medilab/vendor/laravel/framework/src/Illuminate/Database/Connection.php(327): Illuminate\Database\Connection->statement('insert into `pa...', Array)
#5 /home/abhimanyu/workspace/medilab/vendor/laravel/framework/src/Illuminate/Database/Query/Processors/Processor.php(30): Illuminate\Database\Connection->insert('insert into `pa...', Array)
#6 /home/abhimanyu/workspace/medilab/vendor/laravel/framework/src/Illuminate/Database/Query/Builder.php(1910): Illuminate\Database\Query\Processors\Processor->processInsertGetId(Object(Illuminate\Database\Query\Builder), 'insert into `pa...', Array, 'id')
#7 [internal function]: Illuminate\Database\Query\Builder->insertGetId(Array, 'id')
#8 /home/abhimanyu/workspace/medilab/vendor/laravel/framework/src/Illuminate/Database/Eloquent/Builder.php(972): call_user_func_array(Array, Array)
#9 /home/abhimanyu/workspace/medilab/vendor/laravel/framework/src/Illuminate/Database/Eloquent/Model.php(1580): Illuminate\Database\Eloquent\Builder->__call('insertGetId', Array)
#10 /home/abhimanyu/workspace/medilab/vendor/laravel/framework/src/Illuminate/Database/Eloquent/Model.php(1580): Illuminate\Database\Eloquent\Builder->insertGetId(Array, 'id')
#11 /home/abhimanyu/workspace/medilab/vendor/laravel/framework/src/Illuminate/Database/Eloquent/Model.php(1550): Illuminate\Database\Eloquent\Model->insertAndSetId(Object(Illuminate\Database\Eloquent\Builder), Array)
#12 /home/abhimanyu/workspace/medilab/vendor/laravel/framework/src/Illuminate/Database/Eloquent/Model.php(1456): Illuminate\Database\Eloquent\Model->performInsert(Object(Illuminate\Database\Eloquent\Builder), Array)
#13 /home/abhimanyu/workspace/medilab/app/models/PasscodeVerification.php(12): Illuminate\Database\Eloquent\Model->save()
#14 /home/abhimanyu/workspace/medilab/app/controllers/UserController.php(50): PasscodeVerification->insert(806149)
#15 [internal function]: UserController->signUpMobile()
#16 /home/abhimanyu/workspace/medilab/vendor/laravel/framework/src/Illuminate/Routing/Controller.php(231): call_user_func_array(Array, Array)
#17 /home/abhimanyu/workspace/medilab/vendor/laravel/framework/src/Illuminate/Routing/ControllerDispatcher.php(93): Illuminate\Routing\Controller->callAction('signUpMobile', Array)
#18 /home/abhimanyu/workspace/medilab/vendor/laravel/framework/src/Illuminate/Routing/ControllerDispatcher.php(62): Illuminate\Routing\ControllerDispatcher->call(Object(UserController), Object(Illuminate\Routing\Route), 'signUpMobile')
#19 /home/abhimanyu/workspace/medilab/vendor/laravel/framework/src/Illuminate/Routing/Router.php(967): Illuminate\Routing\ControllerDispatcher->dispatch(Object(Illuminate\Routing\Route), Object(Illuminate\Http\Request), 'UserController', 'signUpMobile')
#20 [internal function]: Illuminate\Routing\Router->Illuminate\Routing\{closure}()
#21 /home/abhimanyu/workspace/medilab/vendor/laravel/framework/src/Illuminate/Routing/Route.php(109): call_user_func_array(Object(Closure), Array)
#22 /home/abhimanyu/workspace/medilab/vendor/laravel/framework/src/Illuminate/Routing/Router.php(1033): Illuminate\Routing\Route->run(Object(Illuminate\Http\Request))
#23 /home/abhimanyu/workspace/medilab/vendor/laravel/framework/src/Illuminate/Routing/Router.php(1001): Illuminate\Routing\Router->dispatchToRoute(Object(Illuminate\Http\Request))
#24 /home/abhimanyu/workspace/medilab/vendor/laravel/framework/src/Illuminate/Foundation/Application.php(775): Illuminate\Routing\Router->dispatch(Object(Illuminate\Http\Request))
#25 /home/abhimanyu/workspace/medilab/vendor/laravel/framework/src/Illuminate/Foundation/Application.php(745): Illuminate\Foundation\Application->dispatch(Object(Illuminate\Http\Request))
#26 /home/abhimanyu/workspace/medilab/vendor/laravel/framework/src/Illuminate/Session/Middleware.php(72): Illuminate\Foundation\Application->handle(Object(Illuminate\Http\Request), 1, true)
#27 /home/abhimanyu/workspace/medilab/vendor/laravel/framework/src/Illuminate/Cookie/Queue.php(47): Illuminate\Session\Middleware->handle(Object(Illuminate\Http\Request), 1, true)
#28 /home/abhimanyu/workspace/medilab/vendor/laravel/framework/src/Illuminate/Cookie/Guard.php(51): Illuminate\Cookie\Queue->handle(Object(Illuminate\Http\Request), 1, true)
#29 /home/abhimanyu/workspace/medilab/vendor/stack/builder/src/Stack/StackedHttpKernel.php(23): Illuminate\Cookie\Guard->handle(Object(Illuminate\Http\Request), 1, true)
#30 /home/abhimanyu/workspace/medilab/vendor/laravel/framework/src/Illuminate/Foundation/Application.php(641): Stack\StackedHttpKernel->handle(Object(Illuminate\Http\Request))
#31 /home/abhimanyu/workspace/medilab/public/index.php(49): Illuminate\Foundation\Application->run()
#32 {main}

Next exception 'Illuminate\Database\QueryException' with message 'SQLSTATE[23000]: Integrity constraint violation: 1048 Column 'mobile_number' cannot be null (SQL: insert into `passcode_verification` (`mobile_number`, `passcode`, `verified_status`, `updated_at`, `created_at`) values (, , No, 2015-07-28 07:16:29, 2015-07-28 07:16:29))' in /home/abhimanyu/workspace/medilab/vendor/laravel/framework/src/Illuminate/Database/Connection.php:625
Stack trace:
#0 /home/abhimanyu/workspace/medilab/vendor/laravel/framework/src/Illuminate/Database/Connection.php(581): Illuminate\Database\Connection->runQueryCallback('insert into `pa...', Array, Object(Closure))
#1 /home/abhimanyu/workspace/medilab/vendor/laravel/framework/src/Illuminate/Database/Connection.php(370): Illuminate\Database\Connection->run('insert into `pa...', Array, Object(Closure))
#2 /home/abhimanyu/workspace/medilab/vendor/laravel/framework/src/Illuminate/Database/Connection.php(327): Illuminate\Database\Connection->statement('insert into `pa...', Array)
#3 /home/abhimanyu/workspace/medilab/vendor/laravel/framework/src/Illuminate/Database/Query/Processors/Processor.php(30): Illuminate\Database\Connection->insert('insert into `pa...', Array)
#4 /home/abhimanyu/workspace/medilab/vendor/laravel/framework/src/Illuminate/Database/Query/Builder.php(1910): Illuminate\Database\Query\Processors\Processor->processInsertGetId(Object(Illuminate\Database\Query\Builder), 'insert into `pa...', Array, 'id')
#5 [internal function]: Illuminate\Database\Query\Builder->insertGetId(Array, 'id')
#6 /home/abhimanyu/workspace/medilab/vendor/laravel/framework/src/Illuminate/Database/Eloquent/Builder.php(972): call_user_func_array(Array, Array)
#7 /home/abhimanyu/workspace/medilab/vendor/laravel/framework/src/Illuminate/Database/Eloquent/Model.php(1580): Illuminate\Database\Eloquent\Builder->__call('insertGetId', Array)
#8 /home/abhimanyu/workspace/medilab/vendor/laravel/framework/src/Illuminate/Database/Eloquent/Model.php(1580): Illuminate\Database\Eloquent\Builder->insertGetId(Array, 'id')
#9 /home/abhimanyu/workspace/medilab/vendor/laravel/framework/src/Illuminate/Database/Eloquent/Model.php(1550): Illuminate\Database\Eloquent\Model->insertAndSetId(Object(Illuminate\Database\Eloquent\Builder), Array)
#10 /home/abhimanyu/workspace/medilab/vendor/laravel/framework/src/Illuminate/Database/Eloquent/Model.php(1456): Illuminate\Database\Eloquent\Model->performInsert(Object(Illuminate\Database\Eloquent\Builder), Array)
#11 /home/abhimanyu/workspace/medilab/app/models/PasscodeVerification.php(12): Illuminate\Database\Eloquent\Model->save()
#12 /home/abhimanyu/workspace/medilab/app/controllers/UserController.php(50): PasscodeVerification->insert(806149)
#13 [internal function]: UserController->signUpMobile()
#14 /home/abhimanyu/workspace/medilab/vendor/laravel/framework/src/Illuminate/Routing/Controller.php(231): call_user_func_array(Array, Array)
#15 /home/abhimanyu/workspace/medilab/vendor/laravel/framework/src/Illuminate/Routing/ControllerDispatcher.php(93): Illuminate\Routing\Controller->callAction('signUpMobile', Array)
#16 /home/abhimanyu/workspace/medilab/vendor/laravel/framework/src/Illuminate/Routing/ControllerDispatcher.php(62): Illuminate\Routing\ControllerDispatcher->call(Object(UserController), Object(Illuminate\Routing\Route), 'signUpMobile')
#17 /home/abhimanyu/workspace/medilab/vendor/laravel/framework/src/Illuminate/Routing/Router.php(967): Illuminate\Routing\ControllerDispatcher->dispatch(Object(Illuminate\Routing\Route), Object(Illuminate\Http\Request), 'UserController', 'signUpMobile')
#18 [internal function]: Illuminate\Routing\Router->Illuminate\Routing\{closure}()
#19 /home/abhimanyu/workspace/medilab/vendor/laravel/framework/src/Illuminate/Routing/Route.php(109): call_user_func_array(Object(Closure), Array)
#20 /home/abhimanyu/workspace/medilab/vendor/laravel/framework/src/Illuminate/Routing/Router.php(1033): Illuminate\Routing\Route->run(Object(Illuminate\Http\Request))
#21 /home/abhimanyu/workspace/medilab/vendor/laravel/framework/src/Illuminate/Routing/Router.php(1001): Illuminate\Routing\Router->dispatchToRoute(Object(Illuminate\Http\Request))
#22 /home/abhimanyu/workspace/medilab/vendor/laravel/framework/src/Illuminate/Foundation/Application.php(775): Illuminate\Routing\Router->dispatch(Object(Illuminate\Http\Request))
#23 /home/abhimanyu/workspace/medilab/vendor/laravel/framework/src/Illuminate/Foundation/Application.php(745): Illuminate\Foundation\Application->dispatch(Object(Illuminate\Http\Request))
#24 /home/abhimanyu/workspace/medilab/vendor/laravel/framework/src/Illuminate/Session/Middleware.php(72): Illuminate\Foundation\Application->handle(Object(Illuminate\Http\Request), 1, true)
#25 /home/abhimanyu/workspace/medilab/vendor/laravel/framework/src/Illuminate/Cookie/Queue.php(47): Illuminate\Session\Middleware->handle(Object(Illuminate\Http\Request), 1, true)
#26 /home/abhimanyu/workspace/medilab/vendor/laravel/framework/src/Illuminate/Cookie/Guard.php(51): Illuminate\Cookie\Queue->handle(Object(Illuminate\Http\Request), 1, true)
#27 /home/abhimanyu/workspace/medilab/vendor/stack/builder/src/Stack/StackedHttpKernel.php(23): Illuminate\Cookie\Guard->handle(Object(Illuminate\Http\Request), 1, true)
#28 /home/abhimanyu/workspace/medilab/vendor/laravel/framework/src/Illuminate/Foundation/Application.php(641): Stack\StackedHttpKernel->handle(Object(Illuminate\Http\Request))
#29 /home/abhimanyu/workspace/medilab/public/index.php(49): Illuminate\Foundation\Application->run()
#30 {main} [] []
[2015-07-29 09:07:51] production.ERROR: exception 'Symfony\Component\HttpKernel\Exception\MethodNotAllowedHttpException' in /home/abhimanyu/workspace/medilab/vendor/laravel/framework/src/Illuminate/Routing/RouteCollection.php:210
Stack trace:
#0 /home/abhimanyu/workspace/medilab/vendor/laravel/framework/src/Illuminate/Routing/RouteCollection.php(197): Illuminate\Routing\RouteCollection->methodNotAllowed(Array)
#1 /home/abhimanyu/workspace/medilab/vendor/laravel/framework/src/Illuminate/Routing/RouteCollection.php(145): Illuminate\Routing\RouteCollection->getOtherMethodsRoute(Object(Illuminate\Http\Request), Array)
#2 /home/abhimanyu/workspace/medilab/vendor/laravel/framework/src/Illuminate/Routing/Router.php(1054): Illuminate\Routing\RouteCollection->match(Object(Illuminate\Http\Request))
#3 /home/abhimanyu/workspace/medilab/vendor/laravel/framework/src/Illuminate/Routing/Router.php(1022): Illuminate\Routing\Router->findRoute(Object(Illuminate\Http\Request))
#4 /home/abhimanyu/workspace/medilab/vendor/laravel/framework/src/Illuminate/Routing/Router.php(1001): Illuminate\Routing\Router->dispatchToRoute(Object(Illuminate\Http\Request))
#5 /home/abhimanyu/workspace/medilab/vendor/laravel/framework/src/Illuminate/Foundation/Application.php(775): Illuminate\Routing\Router->dispatch(Object(Illuminate\Http\Request))
#6 /home/abhimanyu/workspace/medilab/vendor/laravel/framework/src/Illuminate/Foundation/Application.php(745): Illuminate\Foundation\Application->dispatch(Object(Illuminate\Http\Request))
#7 /home/abhimanyu/workspace/medilab/vendor/laravel/framework/src/Illuminate/Session/Middleware.php(72): Illuminate\Foundation\Application->handle(Object(Illuminate\Http\Request), 1, true)
#8 /home/abhimanyu/workspace/medilab/vendor/laravel/framework/src/Illuminate/Cookie/Queue.php(47): Illuminate\Session\Middleware->handle(Object(Illuminate\Http\Request), 1, true)
#9 /home/abhimanyu/workspace/medilab/vendor/laravel/framework/src/Illuminate/Cookie/Guard.php(51): Illuminate\Cookie\Queue->handle(Object(Illuminate\Http\Request), 1, true)
#10 /home/abhimanyu/workspace/medilab/vendor/stack/builder/src/Stack/StackedHttpKernel.php(23): Illuminate\Cookie\Guard->handle(Object(Illuminate\Http\Request), 1, true)
#11 /home/abhimanyu/workspace/medilab/vendor/laravel/framework/src/Illuminate/Foundation/Application.php(641): Stack\StackedHttpKernel->handle(Object(Illuminate\Http\Request))
#12 /home/abhimanyu/workspace/medilab/public/index.php(49): Illuminate\Foundation\Application->run()
#13 {main} [] []
[2015-07-29 11:46:56] production.ERROR: exception 'PDOException' with message 'SQLSTATE[42S22]: Column not found: 1054 Unknown column 'mobilddde_number' in 'where clause'' in /home/abhimanyu/workspace/medilab/vendor/laravel/framework/src/Illuminate/Database/Connection.php:299
Stack trace:
#0 /home/abhimanyu/workspace/medilab/vendor/laravel/framework/src/Illuminate/Database/Connection.php(299): PDO->prepare('select * from `...')
#1 /home/abhimanyu/workspace/medilab/vendor/laravel/framework/src/Illuminate/Database/Connection.php(617): Illuminate\Database\Connection->Illuminate\Database\{closure}(Object(Illuminate\Database\MySqlConnection), 'select * from `...', Array)
#2 /home/abhimanyu/workspace/medilab/vendor/laravel/framework/src/Illuminate/Database/Connection.php(581): Illuminate\Database\Connection->runQueryCallback('select * from `...', Array, Object(Closure))
#3 /home/abhimanyu/workspace/medilab/vendor/laravel/framework/src/Illuminate/Database/Connection.php(304): Illuminate\Database\Connection->run('select * from `...', Array, Object(Closure))
#4 /home/abhimanyu/workspace/medilab/vendor/laravel/framework/src/Illuminate/Database/Query/Builder.php(1412): Illuminate\Database\Connection->select('select * from `...', Array)
#5 /home/abhimanyu/workspace/medilab/vendor/laravel/framework/src/Illuminate/Database/Query/Builder.php(1397): Illuminate\Database\Query\Builder->runSelect()
#6 /home/abhimanyu/workspace/medilab/vendor/laravel/framework/src/Illuminate/Database/Query/Builder.php(1384): Illuminate\Database\Query\Builder->getFresh(Array)
#7 /home/abhimanyu/workspace/medilab/app/models/User.php(63): Illuminate\Database\Query\Builder->get()
#8 /home/abhimanyu/workspace/medilab/app/controllers/UserController.php(64): User->validateAndGetData(Array)
#9 [internal function]: UserController->signInMobile()
#10 /home/abhimanyu/workspace/medilab/vendor/laravel/framework/src/Illuminate/Routing/Controller.php(231): call_user_func_array(Array, Array)
#11 /home/abhimanyu/workspace/medilab/vendor/laravel/framework/src/Illuminate/Routing/ControllerDispatcher.php(93): Illuminate\Routing\Controller->callAction('signInMobile', Array)
#12 /home/abhimanyu/workspace/medilab/vendor/laravel/framework/src/Illuminate/Routing/ControllerDispatcher.php(62): Illuminate\Routing\ControllerDispatcher->call(Object(UserController), Object(Illuminate\Routing\Route), 'signInMobile')
#13 /home/abhimanyu/workspace/medilab/vendor/laravel/framework/src/Illuminate/Routing/Router.php(967): Illuminate\Routing\ControllerDispatcher->dispatch(Object(Illuminate\Routing\Route), Object(Illuminate\Http\Request), 'UserController', 'signInMobile')
#14 [internal function]: Illuminate\Routing\Router->Illuminate\Routing\{closure}()
#15 /home/abhimanyu/workspace/medilab/vendor/laravel/framework/src/Illuminate/Routing/Route.php(109): call_user_func_array(Object(Closure), Array)
#16 /home/abhimanyu/workspace/medilab/vendor/laravel/framework/src/Illuminate/Routing/Router.php(1033): Illuminate\Routing\Route->run(Object(Illuminate\Http\Request))
#17 /home/abhimanyu/workspace/medilab/vendor/laravel/framework/src/Illuminate/Routing/Router.php(1001): Illuminate\Routing\Router->dispatchToRoute(Object(Illuminate\Http\Request))
#18 /home/abhimanyu/workspace/medilab/vendor/laravel/framework/src/Illuminate/Foundation/Application.php(775): Illuminate\Routing\Router->dispatch(Object(Illuminate\Http\Request))
#19 /home/abhimanyu/workspace/medilab/vendor/laravel/framework/src/Illuminate/Foundation/Application.php(745): Illuminate\Foundation\Application->dispatch(Object(Illuminate\Http\Request))
#20 /home/abhimanyu/workspace/medilab/vendor/laravel/framework/src/Illuminate/Session/Middleware.php(72): Illuminate\Foundation\Application->handle(Object(Illuminate\Http\Request), 1, true)
#21 /home/abhimanyu/workspace/medilab/vendor/laravel/framework/src/Illuminate/Cookie/Queue.php(47): Illuminate\Session\Middleware->handle(Object(Illuminate\Http\Request), 1, true)
#22 /home/abhimanyu/workspace/medilab/vendor/laravel/framework/src/Illuminate/Cookie/Guard.php(51): Illuminate\Cookie\Queue->handle(Object(Illuminate\Http\Request), 1, true)
#23 /home/abhimanyu/workspace/medilab/vendor/stack/builder/src/Stack/StackedHttpKernel.php(23): Illuminate\Cookie\Guard->handle(Object(Illuminate\Http\Request), 1, true)
#24 /home/abhimanyu/workspace/medilab/vendor/laravel/framework/src/Illuminate/Foundation/Application.php(641): Stack\StackedHttpKernel->handle(Object(Illuminate\Http\Request))
#25 /home/abhimanyu/workspace/medilab/public/index.php(49): Illuminate\Foundation\Application->run()
#26 {main}

Next exception 'Illuminate\Database\QueryException' with message 'SQLSTATE[42S22]: Column not found: 1054 Unknown column 'mobilddde_number' in 'where clause' (SQL: select * from `users` where `password` = y$GCclo0QvomndkE0VJQToCuZRbyw4qrroWsswW4B5K2VSP8/N2BwHa and `email` = dfjsjf@ff.com or `mobilddde_number` is null)' in /home/abhimanyu/workspace/medilab/vendor/laravel/framework/src/Illuminate/Database/Connection.php:625
Stack trace:
#0 /home/abhimanyu/workspace/medilab/vendor/laravel/framework/src/Illuminate/Database/Connection.php(581): Illuminate\Database\Connection->runQueryCallback('select * from `...', Array, Object(Closure))
#1 /home/abhimanyu/workspace/medilab/vendor/laravel/framework/src/Illuminate/Database/Connection.php(304): Illuminate\Database\Connection->run('select * from `...', Array, Object(Closure))
#2 /home/abhimanyu/workspace/medilab/vendor/laravel/framework/src/Illuminate/Database/Query/Builder.php(1412): Illuminate\Database\Connection->select('select * from `...', Array)
#3 /home/abhimanyu/workspace/medilab/vendor/laravel/framework/src/Illuminate/Database/Query/Builder.php(1397): Illuminate\Database\Query\Builder->runSelect()
#4 /home/abhimanyu/workspace/medilab/vendor/laravel/framework/src/Illuminate/Database/Query/Builder.php(1384): Illuminate\Database\Query\Builder->getFresh(Array)
#5 /home/abhimanyu/workspace/medilab/app/models/User.php(63): Illuminate\Database\Query\Builder->get()
#6 /home/abhimanyu/workspace/medilab/app/controllers/UserController.php(64): User->validateAndGetData(Array)
#7 [internal function]: UserController->signInMobile()
#8 /home/abhimanyu/workspace/medilab/vendor/laravel/framework/src/Illuminate/Routing/Controller.php(231): call_user_func_array(Array, Array)
#9 /home/abhimanyu/workspace/medilab/vendor/laravel/framework/src/Illuminate/Routing/ControllerDispatcher.php(93): Illuminate\Routing\Controller->callAction('signInMobile', Array)
#10 /home/abhimanyu/workspace/medilab/vendor/laravel/framework/src/Illuminate/Routing/ControllerDispatcher.php(62): Illuminate\Routing\ControllerDispatcher->call(Object(UserController), Object(Illuminate\Routing\Route), 'signInMobile')
#11 /home/abhimanyu/workspace/medilab/vendor/laravel/framework/src/Illuminate/Routing/Router.php(967): Illuminate\Routing\ControllerDispatcher->dispatch(Object(Illuminate\Routing\Route), Object(Illuminate\Http\Request), 'UserController', 'signInMobile')
#12 [internal function]: Illuminate\Routing\Router->Illuminate\Routing\{closure}()
#13 /home/abhimanyu/workspace/medilab/vendor/laravel/framework/src/Illuminate/Routing/Route.php(109): call_user_func_array(Object(Closure), Array)
#14 /home/abhimanyu/workspace/medilab/vendor/laravel/framework/src/Illuminate/Routing/Router.php(1033): Illuminate\Routing\Route->run(Object(Illuminate\Http\Request))
#15 /home/abhimanyu/workspace/medilab/vendor/laravel/framework/src/Illuminate/Routing/Router.php(1001): Illuminate\Routing\Router->dispatchToRoute(Object(Illuminate\Http\Request))
#16 /home/abhimanyu/workspace/medilab/vendor/laravel/framework/src/Illuminate/Foundation/Application.php(775): Illuminate\Routing\Router->dispatch(Object(Illuminate\Http\Request))
#17 /home/abhimanyu/workspace/medilab/vendor/laravel/framework/src/Illuminate/Foundation/Application.php(745): Illuminate\Foundation\Application->dispatch(Object(Illuminate\Http\Request))
#18 /home/abhimanyu/workspace/medilab/vendor/laravel/framework/src/Illuminate/Session/Middleware.php(72): Illuminate\Foundation\Application->handle(Object(Illuminate\Http\Request), 1, true)
#19 /home/abhimanyu/workspace/medilab/vendor/laravel/framework/src/Illuminate/Cookie/Queue.php(47): Illuminate\Session\Middleware->handle(Object(Illuminate\Http\Request), 1, true)
#20 /home/abhimanyu/workspace/medilab/vendor/laravel/framework/src/Illuminate/Cookie/Guard.php(51): Illuminate\Cookie\Queue->handle(Object(Illuminate\Http\Request), 1, true)
#21 /home/abhimanyu/workspace/medilab/vendor/stack/builder/src/Stack/StackedHttpKernel.php(23): Illuminate\Cookie\Guard->handle(Object(Illuminate\Http\Request), 1, true)
#22 /home/abhimanyu/workspace/medilab/vendor/laravel/framework/src/Illuminate/Foundation/Application.php(641): Stack\StackedHttpKernel->handle(Object(Illuminate\Http\Request))
#23 /home/abhimanyu/workspace/medilab/public/index.php(49): Illuminate\Foundation\Application->run()
#24 {main} [] []
[2015-07-29 11:51:02] production.ERROR: exception 'Illuminate\Database\Eloquent\MassAssignmentException' with message 'mobile_number' in /home/abhimanyu/workspace/medilab/vendor/laravel/framework/src/Illuminate/Database/Eloquent/Model.php:411
Stack trace:
#0 /home/abhimanyu/workspace/medilab/vendor/laravel/framework/src/Illuminate/Database/Eloquent/Model.php(249): Illuminate\Database\Eloquent\Model->fill(Array)
#1 /home/abhimanyu/workspace/medilab/vendor/laravel/framework/src/Illuminate/Database/Eloquent/Model.php(524): Illuminate\Database\Eloquent\Model->__construct(Array)
#2 /home/abhimanyu/workspace/medilab/app/models/User.php(62): Illuminate\Database\Eloquent\Model::create(Array)
#3 /home/abhimanyu/workspace/medilab/app/controllers/UserController.php(64): User->validateAndGetData(Array)
#4 [internal function]: UserController->signInMobile()
#5 /home/abhimanyu/workspace/medilab/vendor/laravel/framework/src/Illuminate/Routing/Controller.php(231): call_user_func_array(Array, Array)
#6 /home/abhimanyu/workspace/medilab/vendor/laravel/framework/src/Illuminate/Routing/ControllerDispatcher.php(93): Illuminate\Routing\Controller->callAction('signInMobile', Array)
#7 /home/abhimanyu/workspace/medilab/vendor/laravel/framework/src/Illuminate/Routing/ControllerDispatcher.php(62): Illuminate\Routing\ControllerDispatcher->call(Object(UserController), Object(Illuminate\Routing\Route), 'signInMobile')
#8 /home/abhimanyu/workspace/medilab/vendor/laravel/framework/src/Illuminate/Routing/Router.php(967): Illuminate\Routing\ControllerDispatcher->dispatch(Object(Illuminate\Routing\Route), Object(Illuminate\Http\Request), 'UserController', 'signInMobile')
#9 [internal function]: Illuminate\Routing\Router->Illuminate\Routing\{closure}()
#10 /home/abhimanyu/workspace/medilab/vendor/laravel/framework/src/Illuminate/Routing/Route.php(109): call_user_func_array(Object(Closure), Array)
#11 /home/abhimanyu/workspace/medilab/vendor/laravel/framework/src/Illuminate/Routing/Router.php(1033): Illuminate\Routing\Route->run(Object(Illuminate\Http\Request))
#12 /home/abhimanyu/workspace/medilab/vendor/laravel/framework/src/Illuminate/Routing/Router.php(1001): Illuminate\Routing\Router->dispatchToRoute(Object(Illuminate\Http\Request))
#13 /home/abhimanyu/workspace/medilab/vendor/laravel/framework/src/Illuminate/Foundation/Application.php(775): Illuminate\Routing\Router->dispatch(Object(Illuminate\Http\Request))
#14 /home/abhimanyu/workspace/medilab/vendor/laravel/framework/src/Illuminate/Foundation/Application.php(745): Illuminate\Foundation\Application->dispatch(Object(Illuminate\Http\Request))
#15 /home/abhimanyu/workspace/medilab/vendor/laravel/framework/src/Illuminate/Session/Middleware.php(72): Illuminate\Foundation\Application->handle(Object(Illuminate\Http\Request), 1, true)
#16 /home/abhimanyu/workspace/medilab/vendor/laravel/framework/src/Illuminate/Cookie/Queue.php(47): Illuminate\Session\Middleware->handle(Object(Illuminate\Http\Request), 1, true)
#17 /home/abhimanyu/workspace/medilab/vendor/laravel/framework/src/Illuminate/Cookie/Guard.php(51): Illuminate\Cookie\Queue->handle(Object(Illuminate\Http\Request), 1, true)
#18 /home/abhimanyu/workspace/medilab/vendor/stack/builder/src/Stack/StackedHttpKernel.php(23): Illuminate\Cookie\Guard->handle(Object(Illuminate\Http\Request), 1, true)
#19 /home/abhimanyu/workspace/medilab/vendor/laravel/framework/src/Illuminate/Foundation/Application.php(641): Stack\StackedHttpKernel->handle(Object(Illuminate\Http\Request))
#20 /home/abhimanyu/workspace/medilab/public/index.php(49): Illuminate\Foundation\Application->run()
#21 {main} [] []
[2015-07-29 11:52:41] production.ERROR: exception 'Illuminate\Database\Eloquent\MassAssignmentException' with message 'mobile_number' in /home/abhimanyu/workspace/medilab/vendor/laravel/framework/src/Illuminate/Database/Eloquent/Model.php:411
Stack trace:
#0 /home/abhimanyu/workspace/medilab/vendor/laravel/framework/src/Illuminate/Database/Eloquent/Model.php(249): Illuminate\Database\Eloquent\Model->fill(Array)
#1 /home/abhimanyu/workspace/medilab/vendor/laravel/framework/src/Illuminate/Database/Eloquent/Model.php(524): Illuminate\Database\Eloquent\Model->__construct(Array)
#2 /home/abhimanyu/workspace/medilab/app/models/User.php(62): Illuminate\Database\Eloquent\Model::create(Array)
#3 /home/abhimanyu/workspace/medilab/app/controllers/UserController.php(64): User->validateAndGetData(Array)
#4 [internal function]: UserController->signInMobile()
#5 /home/abhimanyu/workspace/medilab/vendor/laravel/framework/src/Illuminate/Routing/Controller.php(231): call_user_func_array(Array, Array)
#6 /home/abhimanyu/workspace/medilab/vendor/laravel/framework/src/Illuminate/Routing/ControllerDispatcher.php(93): Illuminate\Routing\Controller->callAction('signInMobile', Array)
#7 /home/abhimanyu/workspace/medilab/vendor/laravel/framework/src/Illuminate/Routing/ControllerDispatcher.php(62): Illuminate\Routing\ControllerDispatcher->call(Object(UserController), Object(Illuminate\Routing\Route), 'signInMobile')
#8 /home/abhimanyu/workspace/medilab/vendor/laravel/framework/src/Illuminate/Routing/Router.php(967): Illuminate\Routing\ControllerDispatcher->dispatch(Object(Illuminate\Routing\Route), Object(Illuminate\Http\Request), 'UserController', 'signInMobile')
#9 [internal function]: Illuminate\Routing\Router->Illuminate\Routing\{closure}()
#10 /home/abhimanyu/workspace/medilab/vendor/laravel/framework/src/Illuminate/Routing/Route.php(109): call_user_func_array(Object(Closure), Array)
#11 /home/abhimanyu/workspace/medilab/vendor/laravel/framework/src/Illuminate/Routing/Router.php(1033): Illuminate\Routing\Route->run(Object(Illuminate\Http\Request))
#12 /home/abhimanyu/workspace/medilab/vendor/laravel/framework/src/Illuminate/Routing/Router.php(1001): Illuminate\Routing\Router->dispatchToRoute(Object(Illuminate\Http\Request))
#13 /home/abhimanyu/workspace/medilab/vendor/laravel/framework/src/Illuminate/Foundation/Application.php(775): Illuminate\Routing\Router->dispatch(Object(Illuminate\Http\Request))
#14 /home/abhimanyu/workspace/medilab/vendor/laravel/framework/src/Illuminate/Foundation/Application.php(745): Illuminate\Foundation\Application->dispatch(Object(Illuminate\Http\Request))
#15 /home/abhimanyu/workspace/medilab/vendor/laravel/framework/src/Illuminate/Session/Middleware.php(72): Illuminate\Foundation\Application->handle(Object(Illuminate\Http\Request), 1, true)
#16 /home/abhimanyu/workspace/medilab/vendor/laravel/framework/src/Illuminate/Cookie/Queue.php(47): Illuminate\Session\Middleware->handle(Object(Illuminate\Http\Request), 1, true)
#17 /home/abhimanyu/workspace/medilab/vendor/laravel/framework/src/Illuminate/Cookie/Guard.php(51): Illuminate\Cookie\Queue->handle(Object(Illuminate\Http\Request), 1, true)
#18 /home/abhimanyu/workspace/medilab/vendor/stack/builder/src/Stack/StackedHttpKernel.php(23): Illuminate\Cookie\Guard->handle(Object(Illuminate\Http\Request), 1, true)
#19 /home/abhimanyu/workspace/medilab/vendor/laravel/framework/src/Illuminate/Foundation/Application.php(641): Stack\StackedHttpKernel->handle(Object(Illuminate\Http\Request))
#20 /home/abhimanyu/workspace/medilab/public/index.php(49): Illuminate\Foundation\Application->run()
#21 {main} [] []
[2015-07-29 11:57:39] production.ERROR: exception 'PDOException' with message 'SQLSTATE[42S22]: Column not found: 1054 Unknown column 'mobilddde_number' in 'where clause'' in /home/abhimanyu/workspace/medilab/vendor/laravel/framework/src/Illuminate/Database/Connection.php:299
Stack trace:
#0 /home/abhimanyu/workspace/medilab/vendor/laravel/framework/src/Illuminate/Database/Connection.php(299): PDO->prepare('select * from `...')
#1 /home/abhimanyu/workspace/medilab/vendor/laravel/framework/src/Illuminate/Database/Connection.php(617): Illuminate\Database\Connection->Illuminate\Database\{closure}(Object(Illuminate\Database\MySqlConnection), 'select * from `...', Array)
#2 /home/abhimanyu/workspace/medilab/vendor/laravel/framework/src/Illuminate/Database/Connection.php(581): Illuminate\Database\Connection->runQueryCallback('select * from `...', Array, Object(Closure))
#3 /home/abhimanyu/workspace/medilab/vendor/laravel/framework/src/Illuminate/Database/Connection.php(304): Illuminate\Database\Connection->run('select * from `...', Array, Object(Closure))
#4 /home/abhimanyu/workspace/medilab/vendor/laravel/framework/src/Illuminate/Database/Query/Builder.php(1412): Illuminate\Database\Connection->select('select * from `...', Array)
#5 /home/abhimanyu/workspace/medilab/vendor/laravel/framework/src/Illuminate/Database/Query/Builder.php(1397): Illuminate\Database\Query\Builder->runSelect()
#6 /home/abhimanyu/workspace/medilab/vendor/laravel/framework/src/Illuminate/Database/Query/Builder.php(1384): Illuminate\Database\Query\Builder->getFresh(Array)
#7 /home/abhimanyu/workspace/medilab/app/models/User.php(74): Illuminate\Database\Query\Builder->get()
#8 /home/abhimanyu/workspace/medilab/app/controllers/UserController.php(64): User->validateAndGetData(Array)
#9 [internal function]: UserController->signInMobile()
#10 /home/abhimanyu/workspace/medilab/vendor/laravel/framework/src/Illuminate/Routing/Controller.php(231): call_user_func_array(Array, Array)
#11 /home/abhimanyu/workspace/medilab/vendor/laravel/framework/src/Illuminate/Routing/ControllerDispatcher.php(93): Illuminate\Routing\Controller->callAction('signInMobile', Array)
#12 /home/abhimanyu/workspace/medilab/vendor/laravel/framework/src/Illuminate/Routing/ControllerDispatcher.php(62): Illuminate\Routing\ControllerDispatcher->call(Object(UserController), Object(Illuminate\Routing\Route), 'signInMobile')
#13 /home/abhimanyu/workspace/medilab/vendor/laravel/framework/src/Illuminate/Routing/Router.php(967): Illuminate\Routing\ControllerDispatcher->dispatch(Object(Illuminate\Routing\Route), Object(Illuminate\Http\Request), 'UserController', 'signInMobile')
#14 [internal function]: Illuminate\Routing\Router->Illuminate\Routing\{closure}()
#15 /home/abhimanyu/workspace/medilab/vendor/laravel/framework/src/Illuminate/Routing/Route.php(109): call_user_func_array(Object(Closure), Array)
#16 /home/abhimanyu/workspace/medilab/vendor/laravel/framework/src/Illuminate/Routing/Router.php(1033): Illuminate\Routing\Route->run(Object(Illuminate\Http\Request))
#17 /home/abhimanyu/workspace/medilab/vendor/laravel/framework/src/Illuminate/Routing/Router.php(1001): Illuminate\Routing\Router->dispatchToRoute(Object(Illuminate\Http\Request))
#18 /home/abhimanyu/workspace/medilab/vendor/laravel/framework/src/Illuminate/Foundation/Application.php(775): Illuminate\Routing\Router->dispatch(Object(Illuminate\Http\Request))
#19 /home/abhimanyu/workspace/medilab/vendor/laravel/framework/src/Illuminate/Foundation/Application.php(745): Illuminate\Foundation\Application->dispatch(Object(Illuminate\Http\Request))
#20 /home/abhimanyu/workspace/medilab/vendor/laravel/framework/src/Illuminate/Session/Middleware.php(72): Illuminate\Foundation\Application->handle(Object(Illuminate\Http\Request), 1, true)
#21 /home/abhimanyu/workspace/medilab/vendor/laravel/framework/src/Illuminate/Cookie/Queue.php(47): Illuminate\Session\Middleware->handle(Object(Illuminate\Http\Request), 1, true)
#22 /home/abhimanyu/workspace/medilab/vendor/laravel/framework/src/Illuminate/Cookie/Guard.php(51): Illuminate\Cookie\Queue->handle(Object(Illuminate\Http\Request), 1, true)
#23 /home/abhimanyu/workspace/medilab/vendor/stack/builder/src/Stack/StackedHttpKernel.php(23): Illuminate\Cookie\Guard->handle(Object(Illuminate\Http\Request), 1, true)
#24 /home/abhimanyu/workspace/medilab/vendor/laravel/framework/src/Illuminate/Foundation/Application.php(641): Stack\StackedHttpKernel->handle(Object(Illuminate\Http\Request))
#25 /home/abhimanyu/workspace/medilab/public/index.php(49): Illuminate\Foundation\Application->run()
#26 {main}

Next exception 'Illuminate\Database\QueryException' with message 'SQLSTATE[42S22]: Column not found: 1054 Unknown column 'mobilddde_number' in 'where clause' (SQL: select * from `users` where `password` = y$XNpBY.2HRixTs7A2Mv80BeQUW2VwXATRAa//4uWvhwRb8sNPYpBOq and `email` = asc@fgj.com or `mobilddde_number` is null)' in /home/abhimanyu/workspace/medilab/vendor/laravel/framework/src/Illuminate/Database/Connection.php:625
Stack trace:
#0 /home/abhimanyu/workspace/medilab/vendor/laravel/framework/src/Illuminate/Database/Connection.php(581): Illuminate\Database\Connection->runQueryCallback('select * from `...', Array, Object(Closure))
#1 /home/abhimanyu/workspace/medilab/vendor/laravel/framework/src/Illuminate/Database/Connection.php(304): Illuminate\Database\Connection->run('select * from `...', Array, Object(Closure))
#2 /home/abhimanyu/workspace/medilab/vendor/laravel/framework/src/Illuminate/Database/Query/Builder.php(1412): Illuminate\Database\Connection->select('select * from `...', Array)
#3 /home/abhimanyu/workspace/medilab/vendor/laravel/framework/src/Illuminate/Database/Query/Builder.php(1397): Illuminate\Database\Query\Builder->runSelect()
#4 /home/abhimanyu/workspace/medilab/vendor/laravel/framework/src/Illuminate/Database/Query/Builder.php(1384): Illuminate\Database\Query\Builder->getFresh(Array)
#5 /home/abhimanyu/workspace/medilab/app/models/User.php(74): Illuminate\Database\Query\Builder->get()
#6 /home/abhimanyu/workspace/medilab/app/controllers/UserController.php(64): User->validateAndGetData(Array)
#7 [internal function]: UserController->signInMobile()
#8 /home/abhimanyu/workspace/medilab/vendor/laravel/framework/src/Illuminate/Routing/Controller.php(231): call_user_func_array(Array, Array)
#9 /home/abhimanyu/workspace/medilab/vendor/laravel/framework/src/Illuminate/Routing/ControllerDispatcher.php(93): Illuminate\Routing\Controller->callAction('signInMobile', Array)
#10 /home/abhimanyu/workspace/medilab/vendor/laravel/framework/src/Illuminate/Routing/ControllerDispatcher.php(62): Illuminate\Routing\ControllerDispatcher->call(Object(UserController), Object(Illuminate\Routing\Route), 'signInMobile')
#11 /home/abhimanyu/workspace/medilab/vendor/laravel/framework/src/Illuminate/Routing/Router.php(967): Illuminate\Routing\ControllerDispatcher->dispatch(Object(Illuminate\Routing\Route), Object(Illuminate\Http\Request), 'UserController', 'signInMobile')
#12 [internal function]: Illuminate\Routing\Router->Illuminate\Routing\{closure}()
#13 /home/abhimanyu/workspace/medilab/vendor/laravel/framework/src/Illuminate/Routing/Route.php(109): call_user_func_array(Object(Closure), Array)
#14 /home/abhimanyu/workspace/medilab/vendor/laravel/framework/src/Illuminate/Routing/Router.php(1033): Illuminate\Routing\Route->run(Object(Illuminate\Http\Request))
#15 /home/abhimanyu/workspace/medilab/vendor/laravel/framework/src/Illuminate/Routing/Router.php(1001): Illuminate\Routing\Router->dispatchToRoute(Object(Illuminate\Http\Request))
#16 /home/abhimanyu/workspace/medilab/vendor/laravel/framework/src/Illuminate/Foundation/Application.php(775): Illuminate\Routing\Router->dispatch(Object(Illuminate\Http\Request))
#17 /home/abhimanyu/workspace/medilab/vendor/laravel/framework/src/Illuminate/Foundation/Application.php(745): Illuminate\Foundation\Application->dispatch(Object(Illuminate\Http\Request))
#18 /home/abhimanyu/workspace/medilab/vendor/laravel/framework/src/Illuminate/Session/Middleware.php(72): Illuminate\Foundation\Application->handle(Object(Illuminate\Http\Request), 1, true)
#19 /home/abhimanyu/workspace/medilab/vendor/laravel/framework/src/Illuminate/Cookie/Queue.php(47): Illuminate\Session\Middleware->handle(Object(Illuminate\Http\Request), 1, true)
#20 /home/abhimanyu/workspace/medilab/vendor/laravel/framework/src/Illuminate/Cookie/Guard.php(51): Illuminate\Cookie\Queue->handle(Object(Illuminate\Http\Request), 1, true)
#21 /home/abhimanyu/workspace/medilab/vendor/stack/builder/src/Stack/StackedHttpKernel.php(23): Illuminate\Cookie\Guard->handle(Object(Illuminate\Http\Request), 1, true)
#22 /home/abhimanyu/workspace/medilab/vendor/laravel/framework/src/Illuminate/Foundation/Application.php(641): Stack\StackedHttpKernel->handle(Object(Illuminate\Http\Request))
#23 /home/abhimanyu/workspace/medilab/public/index.php(49): Illuminate\Foundation\Application->run()
#24 {main} [] []
[2015-07-29 11:58:22] production.ERROR: exception 'PDOException' with message 'SQLSTATE[42S22]: Column not found: 1054 Unknown column 'mobilddde_number' in 'where clause'' in /home/abhimanyu/workspace/medilab/vendor/laravel/framework/src/Illuminate/Database/Connection.php:299
Stack trace:
#0 /home/abhimanyu/workspace/medilab/vendor/laravel/framework/src/Illuminate/Database/Connection.php(299): PDO->prepare('select * from `...')
#1 /home/abhimanyu/workspace/medilab/vendor/laravel/framework/src/Illuminate/Database/Connection.php(617): Illuminate\Database\Connection->Illuminate\Database\{closure}(Object(Illuminate\Database\MySqlConnection), 'select * from `...', Array)
#2 /home/abhimanyu/workspace/medilab/vendor/laravel/framework/src/Illuminate/Database/Connection.php(581): Illuminate\Database\Connection->runQueryCallback('select * from `...', Array, Object(Closure))
#3 /home/abhimanyu/workspace/medilab/vendor/laravel/framework/src/Illuminate/Database/Connection.php(304): Illuminate\Database\Connection->run('select * from `...', Array, Object(Closure))
#4 /home/abhimanyu/workspace/medilab/vendor/laravel/framework/src/Illuminate/Database/Query/Builder.php(1412): Illuminate\Database\Connection->select('select * from `...', Array)
#5 /home/abhimanyu/workspace/medilab/vendor/laravel/framework/src/Illuminate/Database/Query/Builder.php(1397): Illuminate\Database\Query\Builder->runSelect()
#6 /home/abhimanyu/workspace/medilab/vendor/laravel/framework/src/Illuminate/Database/Query/Builder.php(1384): Illuminate\Database\Query\Builder->getFresh(Array)
#7 /home/abhimanyu/workspace/medilab/app/models/User.php(74): Illuminate\Database\Query\Builder->get()
#8 /home/abhimanyu/workspace/medilab/app/controllers/UserController.php(64): User->validateAndGetData(Array)
#9 [internal function]: UserController->signInMobile()
#10 /home/abhimanyu/workspace/medilab/vendor/laravel/framework/src/Illuminate/Routing/Controller.php(231): call_user_func_array(Array, Array)
#11 /home/abhimanyu/workspace/medilab/vendor/laravel/framework/src/Illuminate/Routing/ControllerDispatcher.php(93): Illuminate\Routing\Controller->callAction('signInMobile', Array)
#12 /home/abhimanyu/workspace/medilab/vendor/laravel/framework/src/Illuminate/Routing/ControllerDispatcher.php(62): Illuminate\Routing\ControllerDispatcher->call(Object(UserController), Object(Illuminate\Routing\Route), 'signInMobile')
#13 /home/abhimanyu/workspace/medilab/vendor/laravel/framework/src/Illuminate/Routing/Router.php(967): Illuminate\Routing\ControllerDispatcher->dispatch(Object(Illuminate\Routing\Route), Object(Illuminate\Http\Request), 'UserController', 'signInMobile')
#14 [internal function]: Illuminate\Routing\Router->Illuminate\Routing\{closure}()
#15 /home/abhimanyu/workspace/medilab/vendor/laravel/framework/src/Illuminate/Routing/Route.php(109): call_user_func_array(Object(Closure), Array)
#16 /home/abhimanyu/workspace/medilab/vendor/laravel/framework/src/Illuminate/Routing/Router.php(1033): Illuminate\Routing\Route->run(Object(Illuminate\Http\Request))
#17 /home/abhimanyu/workspace/medilab/vendor/laravel/framework/src/Illuminate/Routing/Router.php(1001): Illuminate\Routing\Router->dispatchToRoute(Object(Illuminate\Http\Request))
#18 /home/abhimanyu/workspace/medilab/vendor/laravel/framework/src/Illuminate/Foundation/Application.php(775): Illuminate\Routing\Router->dispatch(Object(Illuminate\Http\Request))
#19 /home/abhimanyu/workspace/medilab/vendor/laravel/framework/src/Illuminate/Foundation/Application.php(745): Illuminate\Foundation\Application->dispatch(Object(Illuminate\Http\Request))
#20 /home/abhimanyu/workspace/medilab/vendor/laravel/framework/src/Illuminate/Session/Middleware.php(72): Illuminate\Foundation\Application->handle(Object(Illuminate\Http\Request), 1, true)
#21 /home/abhimanyu/workspace/medilab/vendor/laravel/framework/src/Illuminate/Cookie/Queue.php(47): Illuminate\Session\Middleware->handle(Object(Illuminate\Http\Request), 1, true)
#22 /home/abhimanyu/workspace/medilab/vendor/laravel/framework/src/Illuminate/Cookie/Guard.php(51): Illuminate\Cookie\Queue->handle(Object(Illuminate\Http\Request), 1, true)
#23 /home/abhimanyu/workspace/medilab/vendor/stack/builder/src/Stack/StackedHttpKernel.php(23): Illuminate\Cookie\Guard->handle(Object(Illuminate\Http\Request), 1, true)
#24 /home/abhimanyu/workspace/medilab/vendor/laravel/framework/src/Illuminate/Foundation/Application.php(641): Stack\StackedHttpKernel->handle(Object(Illuminate\Http\Request))
#25 /home/abhimanyu/workspace/medilab/public/index.php(49): Illuminate\Foundation\Application->run()
#26 {main}

Next exception 'Illuminate\Database\QueryException' with message 'SQLSTATE[42S22]: Column not found: 1054 Unknown column 'mobilddde_number' in 'where clause' (SQL: select * from `users` where `password` = y$y0nj8nmjauXf2NbF8WdyROszdGKB.AFde0uaXArJn70qS4uBN3Ww2 and `email` = asc@fgj.com or `mobilddde_number` is null)' in /home/abhimanyu/workspace/medilab/vendor/laravel/framework/src/Illuminate/Database/Connection.php:625
Stack trace:
#0 /home/abhimanyu/workspace/medilab/vendor/laravel/framework/src/Illuminate/Database/Connection.php(581): Illuminate\Database\Connection->runQueryCallback('select * from `...', Array, Object(Closure))
#1 /home/abhimanyu/workspace/medilab/vendor/laravel/framework/src/Illuminate/Database/Connection.php(304): Illuminate\Database\Connection->run('select * from `...', Array, Object(Closure))
#2 /home/abhimanyu/workspace/medilab/vendor/laravel/framework/src/Illuminate/Database/Query/Builder.php(1412): Illuminate\Database\Connection->select('select * from `...', Array)
#3 /home/abhimanyu/workspace/medilab/vendor/laravel/framework/src/Illuminate/Database/Query/Builder.php(1397): Illuminate\Database\Query\Builder->runSelect()
#4 /home/abhimanyu/workspace/medilab/vendor/laravel/framework/src/Illuminate/Database/Query/Builder.php(1384): Illuminate\Database\Query\Builder->getFresh(Array)
#5 /home/abhimanyu/workspace/medilab/app/models/User.php(74): Illuminate\Database\Query\Builder->get()
#6 /home/abhimanyu/workspace/medilab/app/controllers/UserController.php(64): User->validateAndGetData(Array)
#7 [internal function]: UserController->signInMobile()
#8 /home/abhimanyu/workspace/medilab/vendor/laravel/framework/src/Illuminate/Routing/Controller.php(231): call_user_func_array(Array, Array)
#9 /home/abhimanyu/workspace/medilab/vendor/laravel/framework/src/Illuminate/Routing/ControllerDispatcher.php(93): Illuminate\Routing\Controller->callAction('signInMobile', Array)
#10 /home/abhimanyu/workspace/medilab/vendor/laravel/framework/src/Illuminate/Routing/ControllerDispatcher.php(62): Illuminate\Routing\ControllerDispatcher->call(Object(UserController), Object(Illuminate\Routing\Route), 'signInMobile')
#11 /home/abhimanyu/workspace/medilab/vendor/laravel/framework/src/Illuminate/Routing/Router.php(967): Illuminate\Routing\ControllerDispatcher->dispatch(Object(Illuminate\Routing\Route), Object(Illuminate\Http\Request), 'UserController', 'signInMobile')
#12 [internal function]: Illuminate\Routing\Router->Illuminate\Routing\{closure}()
#13 /home/abhimanyu/workspace/medilab/vendor/laravel/framework/src/Illuminate/Routing/Route.php(109): call_user_func_array(Object(Closure), Array)
#14 /home/abhimanyu/workspace/medilab/vendor/laravel/framework/src/Illuminate/Routing/Router.php(1033): Illuminate\Routing\Route->run(Object(Illuminate\Http\Request))
#15 /home/abhimanyu/workspace/medilab/vendor/laravel/framework/src/Illuminate/Routing/Router.php(1001): Illuminate\Routing\Router->dispatchToRoute(Object(Illuminate\Http\Request))
#16 /home/abhimanyu/workspace/medilab/vendor/laravel/framework/src/Illuminate/Foundation/Application.php(775): Illuminate\Routing\Router->dispatch(Object(Illuminate\Http\Request))
#17 /home/abhimanyu/workspace/medilab/vendor/laravel/framework/src/Illuminate/Foundation/Application.php(745): Illuminate\Foundation\Application->dispatch(Object(Illuminate\Http\Request))
#18 /home/abhimanyu/workspace/medilab/vendor/laravel/framework/src/Illuminate/Session/Middleware.php(72): Illuminate\Foundation\Application->handle(Object(Illuminate\Http\Request), 1, true)
#19 /home/abhimanyu/workspace/medilab/vendor/laravel/framework/src/Illuminate/Cookie/Queue.php(47): Illuminate\Session\Middleware->handle(Object(Illuminate\Http\Request), 1, true)
#20 /home/abhimanyu/workspace/medilab/vendor/laravel/framework/src/Illuminate/Cookie/Guard.php(51): Illuminate\Cookie\Queue->handle(Object(Illuminate\Http\Request), 1, true)
#21 /home/abhimanyu/workspace/medilab/vendor/stack/builder/src/Stack/StackedHttpKernel.php(23): Illuminate\Cookie\Guard->handle(Object(Illuminate\Http\Request), 1, true)
#22 /home/abhimanyu/workspace/medilab/vendor/laravel/framework/src/Illuminate/Foundation/Application.php(641): Stack\StackedHttpKernel->handle(Object(Illuminate\Http\Request))
#23 /home/abhimanyu/workspace/medilab/public/index.php(49): Illuminate\Foundation\Application->run()
#24 {main} [] []
[2015-07-29 11:58:42] production.ERROR: exception 'PDOException' with message 'SQLSTATE[42S22]: Column not found: 1054 Unknown column 'mobilddde_number' in 'where clause'' in /home/abhimanyu/workspace/medilab/vendor/laravel/framework/src/Illuminate/Database/Connection.php:299
Stack trace:
#0 /home/abhimanyu/workspace/medilab/vendor/laravel/framework/src/Illuminate/Database/Connection.php(299): PDO->prepare('select * from `...')
#1 /home/abhimanyu/workspace/medilab/vendor/laravel/framework/src/Illuminate/Database/Connection.php(617): Illuminate\Database\Connection->Illuminate\Database\{closure}(Object(Illuminate\Database\MySqlConnection), 'select * from `...', Array)
#2 /home/abhimanyu/workspace/medilab/vendor/laravel/framework/src/Illuminate/Database/Connection.php(581): Illuminate\Database\Connection->runQueryCallback('select * from `...', Array, Object(Closure))
#3 /home/abhimanyu/workspace/medilab/vendor/laravel/framework/src/Illuminate/Database/Connection.php(304): Illuminate\Database\Connection->run('select * from `...', Array, Object(Closure))
#4 /home/abhimanyu/workspace/medilab/vendor/laravel/framework/src/Illuminate/Database/Query/Builder.php(1412): Illuminate\Database\Connection->select('select * from `...', Array)
#5 /home/abhimanyu/workspace/medilab/vendor/laravel/framework/src/Illuminate/Database/Query/Builder.php(1397): Illuminate\Database\Query\Builder->runSelect()
#6 /home/abhimanyu/workspace/medilab/vendor/laravel/framework/src/Illuminate/Database/Query/Builder.php(1384): Illuminate\Database\Query\Builder->getFresh(Array)
#7 /home/abhimanyu/workspace/medilab/app/models/User.php(74): Illuminate\Database\Query\Builder->get()
#8 /home/abhimanyu/workspace/medilab/app/controllers/UserController.php(64): User->validateAndGetData(Array)
#9 [internal function]: UserController->signInMobile()
#10 /home/abhimanyu/workspace/medilab/vendor/laravel/framework/src/Illuminate/Routing/Controller.php(231): call_user_func_array(Array, Array)
#11 /home/abhimanyu/workspace/medilab/vendor/laravel/framework/src/Illuminate/Routing/ControllerDispatcher.php(93): Illuminate\Routing\Controller->callAction('signInMobile', Array)
#12 /home/abhimanyu/workspace/medilab/vendor/laravel/framework/src/Illuminate/Routing/ControllerDispatcher.php(62): Illuminate\Routing\ControllerDispatcher->call(Object(UserController), Object(Illuminate\Routing\Route), 'signInMobile')
#13 /home/abhimanyu/workspace/medilab/vendor/laravel/framework/src/Illuminate/Routing/Router.php(967): Illuminate\Routing\ControllerDispatcher->dispatch(Object(Illuminate\Routing\Route), Object(Illuminate\Http\Request), 'UserController', 'signInMobile')
#14 [internal function]: Illuminate\Routing\Router->Illuminate\Routing\{closure}()
#15 /home/abhimanyu/workspace/medilab/vendor/laravel/framework/src/Illuminate/Routing/Route.php(109): call_user_func_array(Object(Closure), Array)
#16 /home/abhimanyu/workspace/medilab/vendor/laravel/framework/src/Illuminate/Routing/Router.php(1033): Illuminate\Routing\Route->run(Object(Illuminate\Http\Request))
#17 /home/abhimanyu/workspace/medilab/vendor/laravel/framework/src/Illuminate/Routing/Router.php(1001): Illuminate\Routing\Router->dispatchToRoute(Object(Illuminate\Http\Request))
#18 /home/abhimanyu/workspace/medilab/vendor/laravel/framework/src/Illuminate/Foundation/Application.php(775): Illuminate\Routing\Router->dispatch(Object(Illuminate\Http\Request))
#19 /home/abhimanyu/workspace/medilab/vendor/laravel/framework/src/Illuminate/Foundation/Application.php(745): Illuminate\Foundation\Application->dispatch(Object(Illuminate\Http\Request))
#20 /home/abhimanyu/workspace/medilab/vendor/laravel/framework/src/Illuminate/Session/Middleware.php(72): Illuminate\Foundation\Application->handle(Object(Illuminate\Http\Request), 1, true)
#21 /home/abhimanyu/workspace/medilab/vendor/laravel/framework/src/Illuminate/Cookie/Queue.php(47): Illuminate\Session\Middleware->handle(Object(Illuminate\Http\Request), 1, true)
#22 /home/abhimanyu/workspace/medilab/vendor/laravel/framework/src/Illuminate/Cookie/Guard.php(51): Illuminate\Cookie\Queue->handle(Object(Illuminate\Http\Request), 1, true)
#23 /home/abhimanyu/workspace/medilab/vendor/stack/builder/src/Stack/StackedHttpKernel.php(23): Illuminate\Cookie\Guard->handle(Object(Illuminate\Http\Request), 1, true)
#24 /home/abhimanyu/workspace/medilab/vendor/laravel/framework/src/Illuminate/Foundation/Application.php(641): Stack\StackedHttpKernel->handle(Object(Illuminate\Http\Request))
#25 /home/abhimanyu/workspace/medilab/public/index.php(49): Illuminate\Foundation\Application->run()
#26 {main}

Next exception 'Illuminate\Database\QueryException' with message 'SQLSTATE[42S22]: Column not found: 1054 Unknown column 'mobilddde_number' in 'where clause' (SQL: select * from `users` where `password` = y$ZVPliKSg0OL2Z3okSwjTAOpxipIh0ulqux0YozbMlPvQ8RGUakoFm and `email` = asc@fgj.com or `mobilddde_number` is null)' in /home/abhimanyu/workspace/medilab/vendor/laravel/framework/src/Illuminate/Database/Connection.php:625
Stack trace:
#0 /home/abhimanyu/workspace/medilab/vendor/laravel/framework/src/Illuminate/Database/Connection.php(581): Illuminate\Database\Connection->runQueryCallback('select * from `...', Array, Object(Closure))
#1 /home/abhimanyu/workspace/medilab/vendor/laravel/framework/src/Illuminate/Database/Connection.php(304): Illuminate\Database\Connection->run('select * from `...', Array, Object(Closure))
#2 /home/abhimanyu/workspace/medilab/vendor/laravel/framework/src/Illuminate/Database/Query/Builder.php(1412): Illuminate\Database\Connection->select('select * from `...', Array)
#3 /home/abhimanyu/workspace/medilab/vendor/laravel/framework/src/Illuminate/Database/Query/Builder.php(1397): Illuminate\Database\Query\Builder->runSelect()
#4 /home/abhimanyu/workspace/medilab/vendor/laravel/framework/src/Illuminate/Database/Query/Builder.php(1384): Illuminate\Database\Query\Builder->getFresh(Array)
#5 /home/abhimanyu/workspace/medilab/app/models/User.php(74): Illuminate\Database\Query\Builder->get()
#6 /home/abhimanyu/workspace/medilab/app/controllers/UserController.php(64): User->validateAndGetData(Array)
#7 [internal function]: UserController->signInMobile()
#8 /home/abhimanyu/workspace/medilab/vendor/laravel/framework/src/Illuminate/Routing/Controller.php(231): call_user_func_array(Array, Array)
#9 /home/abhimanyu/workspace/medilab/vendor/laravel/framework/src/Illuminate/Routing/ControllerDispatcher.php(93): Illuminate\Routing\Controller->callAction('signInMobile', Array)
#10 /home/abhimanyu/workspace/medilab/vendor/laravel/framework/src/Illuminate/Routing/ControllerDispatcher.php(62): Illuminate\Routing\ControllerDispatcher->call(Object(UserController), Object(Illuminate\Routing\Route), 'signInMobile')
#11 /home/abhimanyu/workspace/medilab/vendor/laravel/framework/src/Illuminate/Routing/Router.php(967): Illuminate\Routing\ControllerDispatcher->dispatch(Object(Illuminate\Routing\Route), Object(Illuminate\Http\Request), 'UserController', 'signInMobile')
#12 [internal function]: Illuminate\Routing\Router->Illuminate\Routing\{closure}()
#13 /home/abhimanyu/workspace/medilab/vendor/laravel/framework/src/Illuminate/Routing/Route.php(109): call_user_func_array(Object(Closure), Array)
#14 /home/abhimanyu/workspace/medilab/vendor/laravel/framework/src/Illuminate/Routing/Router.php(1033): Illuminate\Routing\Route->run(Object(Illuminate\Http\Request))
#15 /home/abhimanyu/workspace/medilab/vendor/laravel/framework/src/Illuminate/Routing/Router.php(1001): Illuminate\Routing\Router->dispatchToRoute(Object(Illuminate\Http\Request))
#16 /home/abhimanyu/workspace/medilab/vendor/laravel/framework/src/Illuminate/Foundation/Application.php(775): Illuminate\Routing\Router->dispatch(Object(Illuminate\Http\Request))
#17 /home/abhimanyu/workspace/medilab/vendor/laravel/framework/src/Illuminate/Foundation/Application.php(745): Illuminate\Foundation\Application->dispatch(Object(Illuminate\Http\Request))
#18 /home/abhimanyu/workspace/medilab/vendor/laravel/framework/src/Illuminate/Session/Middleware.php(72): Illuminate\Foundation\Application->handle(Object(Illuminate\Http\Request), 1, true)
#19 /home/abhimanyu/workspace/medilab/vendor/laravel/framework/src/Illuminate/Cookie/Queue.php(47): Illuminate\Session\Middleware->handle(Object(Illuminate\Http\Request), 1, true)
#20 /home/abhimanyu/workspace/medilab/vendor/laravel/framework/src/Illuminate/Cookie/Guard.php(51): Illuminate\Cookie\Queue->handle(Object(Illuminate\Http\Request), 1, true)
#21 /home/abhimanyu/workspace/medilab/vendor/stack/builder/src/Stack/StackedHttpKernel.php(23): Illuminate\Cookie\Guard->handle(Object(Illuminate\Http\Request), 1, true)
#22 /home/abhimanyu/workspace/medilab/vendor/laravel/framework/src/Illuminate/Foundation/Application.php(641): Stack\StackedHttpKernel->handle(Object(Illuminate\Http\Request))
#23 /home/abhimanyu/workspace/medilab/public/index.php(49): Illuminate\Foundation\Application->run()
#24 {main} [] []
[2015-07-29 12:10:36] production.ERROR: exception 'ErrorException' with message 'Trying to get property of non-object' in /home/abhimanyu/workspace/medilab/app/controllers/UserController.php:65
Stack trace:
#0 /home/abhimanyu/workspace/medilab/app/controllers/UserController.php(65): Illuminate\Exception\Handler->handleError(8, 'Trying to get p...', '/home/abhimanyu...', 65, Array)
#1 [internal function]: UserController->signInMobile()
#2 /home/abhimanyu/workspace/medilab/vendor/laravel/framework/src/Illuminate/Routing/Controller.php(231): call_user_func_array(Array, Array)
#3 /home/abhimanyu/workspace/medilab/vendor/laravel/framework/src/Illuminate/Routing/ControllerDispatcher.php(93): Illuminate\Routing\Controller->callAction('signInMobile', Array)
#4 /home/abhimanyu/workspace/medilab/vendor/laravel/framework/src/Illuminate/Routing/ControllerDispatcher.php(62): Illuminate\Routing\ControllerDispatcher->call(Object(UserController), Object(Illuminate\Routing\Route), 'signInMobile')
#5 /home/abhimanyu/workspace/medilab/vendor/laravel/framework/src/Illuminate/Routing/Router.php(967): Illuminate\Routing\ControllerDispatcher->dispatch(Object(Illuminate\Routing\Route), Object(Illuminate\Http\Request), 'UserController', 'signInMobile')
#6 [internal function]: Illuminate\Routing\Router->Illuminate\Routing\{closure}()
#7 /home/abhimanyu/workspace/medilab/vendor/laravel/framework/src/Illuminate/Routing/Route.php(109): call_user_func_array(Object(Closure), Array)
#8 /home/abhimanyu/workspace/medilab/vendor/laravel/framework/src/Illuminate/Routing/Router.php(1033): Illuminate\Routing\Route->run(Object(Illuminate\Http\Request))
#9 /home/abhimanyu/workspace/medilab/vendor/laravel/framework/src/Illuminate/Routing/Router.php(1001): Illuminate\Routing\Router->dispatchToRoute(Object(Illuminate\Http\Request))
#10 /home/abhimanyu/workspace/medilab/vendor/laravel/framework/src/Illuminate/Foundation/Application.php(775): Illuminate\Routing\Router->dispatch(Object(Illuminate\Http\Request))
#11 /home/abhimanyu/workspace/medilab/vendor/laravel/framework/src/Illuminate/Foundation/Application.php(745): Illuminate\Foundation\Application->dispatch(Object(Illuminate\Http\Request))
#12 /home/abhimanyu/workspace/medilab/vendor/laravel/framework/src/Illuminate/Session/Middleware.php(72): Illuminate\Foundation\Application->handle(Object(Illuminate\Http\Request), 1, true)
#13 /home/abhimanyu/workspace/medilab/vendor/laravel/framework/src/Illuminate/Cookie/Queue.php(47): Illuminate\Session\Middleware->handle(Object(Illuminate\Http\Request), 1, true)
#14 /home/abhimanyu/workspace/medilab/vendor/laravel/framework/src/Illuminate/Cookie/Guard.php(51): Illuminate\Cookie\Queue->handle(Object(Illuminate\Http\Request), 1, true)
#15 /home/abhimanyu/workspace/medilab/vendor/stack/builder/src/Stack/StackedHttpKernel.php(23): Illuminate\Cookie\Guard->handle(Object(Illuminate\Http\Request), 1, true)
#16 /home/abhimanyu/workspace/medilab/vendor/laravel/framework/src/Illuminate/Foundation/Application.php(641): Stack\StackedHttpKernel->handle(Object(Illuminate\Http\Request))
#17 /home/abhimanyu/workspace/medilab/public/index.php(49): Illuminate\Foundation\Application->run()
#18 {main} [] []
[2015-07-29 12:12:36] production.ERROR: exception 'Symfony\Component\HttpKernel\Exception\NotFoundHttpException' in /home/abhimanyu/workspace/medilab/vendor/laravel/framework/src/Illuminate/Routing/RouteCollection.php:148
Stack trace:
#0 /home/abhimanyu/workspace/medilab/vendor/laravel/framework/src/Illuminate/Routing/Router.php(1054): Illuminate\Routing\RouteCollection->match(Object(Illuminate\Http\Request))
#1 /home/abhimanyu/workspace/medilab/vendor/laravel/framework/src/Illuminate/Routing/Router.php(1022): Illuminate\Routing\Router->findRoute(Object(Illuminate\Http\Request))
#2 /home/abhimanyu/workspace/medilab/vendor/laravel/framework/src/Illuminate/Routing/Router.php(1001): Illuminate\Routing\Router->dispatchToRoute(Object(Illuminate\Http\Request))
#3 /home/abhimanyu/workspace/medilab/vendor/laravel/framework/src/Illuminate/Foundation/Application.php(775): Illuminate\Routing\Router->dispatch(Object(Illuminate\Http\Request))
#4 /home/abhimanyu/workspace/medilab/vendor/laravel/framework/src/Illuminate/Foundation/Application.php(745): Illuminate\Foundation\Application->dispatch(Object(Illuminate\Http\Request))
#5 /home/abhimanyu/workspace/medilab/vendor/laravel/framework/src/Illuminate/Session/Middleware.php(72): Illuminate\Foundation\Application->handle(Object(Illuminate\Http\Request), 1, true)
#6 /home/abhimanyu/workspace/medilab/vendor/laravel/framework/src/Illuminate/Cookie/Queue.php(47): Illuminate\Session\Middleware->handle(Object(Illuminate\Http\Request), 1, true)
#7 /home/abhimanyu/workspace/medilab/vendor/laravel/framework/src/Illuminate/Cookie/Guard.php(51): Illuminate\Cookie\Queue->handle(Object(Illuminate\Http\Request), 1, true)
#8 /home/abhimanyu/workspace/medilab/vendor/stack/builder/src/Stack/StackedHttpKernel.php(23): Illuminate\Cookie\Guard->handle(Object(Illuminate\Http\Request), 1, true)
#9 /home/abhimanyu/workspace/medilab/vendor/laravel/framework/src/Illuminate/Foundation/Application.php(641): Stack\StackedHttpKernel->handle(Object(Illuminate\Http\Request))
#10 /home/abhimanyu/workspace/medilab/public/index.php(49): Illuminate\Foundation\Application->run()
#11 {main} [] []
[2015-07-30 01:37:51] production.ERROR: exception 'ErrorException' with message 'Trying to get property of non-object' in /home/abhimanyu/workspace/medilab/app/controllers/UserController.php:65
Stack trace:
#0 /home/abhimanyu/workspace/medilab/app/controllers/UserController.php(65): Illuminate\Exception\Handler->handleError(8, 'Trying to get p...', '/home/abhimanyu...', 65, Array)
#1 [internal function]: UserController->signInMobile()
#2 /home/abhimanyu/workspace/medilab/vendor/laravel/framework/src/Illuminate/Routing/Controller.php(231): call_user_func_array(Array, Array)
#3 /home/abhimanyu/workspace/medilab/vendor/laravel/framework/src/Illuminate/Routing/ControllerDispatcher.php(93): Illuminate\Routing\Controller->callAction('signInMobile', Array)
#4 /home/abhimanyu/workspace/medilab/vendor/laravel/framework/src/Illuminate/Routing/ControllerDispatcher.php(62): Illuminate\Routing\ControllerDispatcher->call(Object(UserController), Object(Illuminate\Routing\Route), 'signInMobile')
#5 /home/abhimanyu/workspace/medilab/vendor/laravel/framework/src/Illuminate/Routing/Router.php(967): Illuminate\Routing\ControllerDispatcher->dispatch(Object(Illuminate\Routing\Route), Object(Illuminate\Http\Request), 'UserController', 'signInMobile')
#6 [internal function]: Illuminate\Routing\Router->Illuminate\Routing\{closure}()
#7 /home/abhimanyu/workspace/medilab/vendor/laravel/framework/src/Illuminate/Routing/Route.php(109): call_user_func_array(Object(Closure), Array)
#8 /home/abhimanyu/workspace/medilab/vendor/laravel/framework/src/Illuminate/Routing/Router.php(1033): Illuminate\Routing\Route->run(Object(Illuminate\Http\Request))
#9 /home/abhimanyu/workspace/medilab/vendor/laravel/framework/src/Illuminate/Routing/Router.php(1001): Illuminate\Routing\Router->dispatchToRoute(Object(Illuminate\Http\Request))
#10 /home/abhimanyu/workspace/medilab/vendor/laravel/framework/src/Illuminate/Foundation/Application.php(775): Illuminate\Routing\Router->dispatch(Object(Illuminate\Http\Request))
#11 /home/abhimanyu/workspace/medilab/vendor/laravel/framework/src/Illuminate/Foundation/Application.php(745): Illuminate\Foundation\Application->dispatch(Object(Illuminate\Http\Request))
#12 /home/abhimanyu/workspace/medilab/vendor/laravel/framework/src/Illuminate/Session/Middleware.php(72): Illuminate\Foundation\Application->handle(Object(Illuminate\Http\Request), 1, true)
#13 /home/abhimanyu/workspace/medilab/vendor/laravel/framework/src/Illuminate/Cookie/Queue.php(47): Illuminate\Session\Middleware->handle(Object(Illuminate\Http\Request), 1, true)
#14 /home/abhimanyu/workspace/medilab/vendor/laravel/framework/src/Illuminate/Cookie/Guard.php(51): Illuminate\Cookie\Queue->handle(Object(Illuminate\Http\Request), 1, true)
#15 /home/abhimanyu/workspace/medilab/vendor/stack/builder/src/Stack/StackedHttpKernel.php(23): Illuminate\Cookie\Guard->handle(Object(Illuminate\Http\Request), 1, true)
#16 /home/abhimanyu/workspace/medilab/vendor/laravel/framework/src/Illuminate/Foundation/Application.php(641): Stack\StackedHttpKernel->handle(Object(Illuminate\Http\Request))
#17 /home/abhimanyu/workspace/medilab/public/index.php(49): Illuminate\Foundation\Application->run()
#18 {main} [] []
[2015-07-30 01:38:25] production.ERROR: exception 'ErrorException' with message 'Trying to get property of non-object' in /home/abhimanyu/workspace/medilab/app/controllers/UserController.php:65
Stack trace:
#0 /home/abhimanyu/workspace/medilab/app/controllers/UserController.php(65): Illuminate\Exception\Handler->handleError(8, 'Trying to get p...', '/home/abhimanyu...', 65, Array)
#1 [internal function]: UserController->signInMobile()
#2 /home/abhimanyu/workspace/medilab/vendor/laravel/framework/src/Illuminate/Routing/Controller.php(231): call_user_func_array(Array, Array)
#3 /home/abhimanyu/workspace/medilab/vendor/laravel/framework/src/Illuminate/Routing/ControllerDispatcher.php(93): Illuminate\Routing\Controller->callAction('signInMobile', Array)
#4 /home/abhimanyu/workspace/medilab/vendor/laravel/framework/src/Illuminate/Routing/ControllerDispatcher.php(62): Illuminate\Routing\ControllerDispatcher->call(Object(UserController), Object(Illuminate\Routing\Route), 'signInMobile')
#5 /home/abhimanyu/workspace/medilab/vendor/laravel/framework/src/Illuminate/Routing/Router.php(967): Illuminate\Routing\ControllerDispatcher->dispatch(Object(Illuminate\Routing\Route), Object(Illuminate\Http\Request), 'UserController', 'signInMobile')
#6 [internal function]: Illuminate\Routing\Router->Illuminate\Routing\{closure}()
#7 /home/abhimanyu/workspace/medilab/vendor/laravel/framework/src/Illuminate/Routing/Route.php(109): call_user_func_array(Object(Closure), Array)
#8 /home/abhimanyu/workspace/medilab/vendor/laravel/framework/src/Illuminate/Routing/Router.php(1033): Illuminate\Routing\Route->run(Object(Illuminate\Http\Request))
#9 /home/abhimanyu/workspace/medilab/vendor/laravel/framework/src/Illuminate/Routing/Router.php(1001): Illuminate\Routing\Router->dispatchToRoute(Object(Illuminate\Http\Request))
#10 /home/abhimanyu/workspace/medilab/vendor/laravel/framework/src/Illuminate/Foundation/Application.php(775): Illuminate\Routing\Router->dispatch(Object(Illuminate\Http\Request))
#11 /home/abhimanyu/workspace/medilab/vendor/laravel/framework/src/Illuminate/Foundation/Application.php(745): Illuminate\Foundation\Application->dispatch(Object(Illuminate\Http\Request))
#12 /home/abhimanyu/workspace/medilab/vendor/laravel/framework/src/Illuminate/Session/Middleware.php(72): Illuminate\Foundation\Application->handle(Object(Illuminate\Http\Request), 1, true)
#13 /home/abhimanyu/workspace/medilab/vendor/laravel/framework/src/Illuminate/Cookie/Queue.php(47): Illuminate\Session\Middleware->handle(Object(Illuminate\Http\Request), 1, true)
#14 /home/abhimanyu/workspace/medilab/vendor/laravel/framework/src/Illuminate/Cookie/Guard.php(51): Illuminate\Cookie\Queue->handle(Object(Illuminate\Http\Request), 1, true)
#15 /home/abhimanyu/workspace/medilab/vendor/stack/builder/src/Stack/StackedHttpKernel.php(23): Illuminate\Cookie\Guard->handle(Object(Illuminate\Http\Request), 1, true)
#16 /home/abhimanyu/workspace/medilab/vendor/laravel/framework/src/Illuminate/Foundation/Application.php(641): Stack\StackedHttpKernel->handle(Object(Illuminate\Http\Request))
#17 /home/abhimanyu/workspace/medilab/public/index.php(49): Illuminate\Foundation\Application->run()
#18 {main} [] []
[2015-07-30 01:38:51] production.ERROR: exception 'ErrorException' with message 'Trying to get property of non-object' in /home/abhimanyu/workspace/medilab/app/controllers/UserController.php:67
Stack trace:
#0 /home/abhimanyu/workspace/medilab/app/controllers/UserController.php(67): Illuminate\Exception\Handler->handleError(8, 'Trying to get p...', '/home/abhimanyu...', 67, Array)
#1 [internal function]: UserController->signInMobile()
#2 /home/abhimanyu/workspace/medilab/vendor/laravel/framework/src/Illuminate/Routing/Controller.php(231): call_user_func_array(Array, Array)
#3 /home/abhimanyu/workspace/medilab/vendor/laravel/framework/src/Illuminate/Routing/ControllerDispatcher.php(93): Illuminate\Routing\Controller->callAction('signInMobile', Array)
#4 /home/abhimanyu/workspace/medilab/vendor/laravel/framework/src/Illuminate/Routing/ControllerDispatcher.php(62): Illuminate\Routing\ControllerDispatcher->call(Object(UserController), Object(Illuminate\Routing\Route), 'signInMobile')
#5 /home/abhimanyu/workspace/medilab/vendor/laravel/framework/src/Illuminate/Routing/Router.php(967): Illuminate\Routing\ControllerDispatcher->dispatch(Object(Illuminate\Routing\Route), Object(Illuminate\Http\Request), 'UserController', 'signInMobile')
#6 [internal function]: Illuminate\Routing\Router->Illuminate\Routing\{closure}()
#7 /home/abhimanyu/workspace/medilab/vendor/laravel/framework/src/Illuminate/Routing/Route.php(109): call_user_func_array(Object(Closure), Array)
#8 /home/abhimanyu/workspace/medilab/vendor/laravel/framework/src/Illuminate/Routing/Router.php(1033): Illuminate\Routing\Route->run(Object(Illuminate\Http\Request))
#9 /home/abhimanyu/workspace/medilab/vendor/laravel/framework/src/Illuminate/Routing/Router.php(1001): Illuminate\Routing\Router->dispatchToRoute(Object(Illuminate\Http\Request))
#10 /home/abhimanyu/workspace/medilab/vendor/laravel/framework/src/Illuminate/Foundation/Application.php(775): Illuminate\Routing\Router->dispatch(Object(Illuminate\Http\Request))
#11 /home/abhimanyu/workspace/medilab/vendor/laravel/framework/src/Illuminate/Foundation/Application.php(745): Illuminate\Foundation\Application->dispatch(Object(Illuminate\Http\Request))
#12 /home/abhimanyu/workspace/medilab/vendor/laravel/framework/src/Illuminate/Session/Middleware.php(72): Illuminate\Foundation\Application->handle(Object(Illuminate\Http\Request), 1, true)
#13 /home/abhimanyu/workspace/medilab/vendor/laravel/framework/src/Illuminate/Cookie/Queue.php(47): Illuminate\Session\Middleware->handle(Object(Illuminate\Http\Request), 1, true)
#14 /home/abhimanyu/workspace/medilab/vendor/laravel/framework/src/Illuminate/Cookie/Guard.php(51): Illuminate\Cookie\Queue->handle(Object(Illuminate\Http\Request), 1, true)
#15 /home/abhimanyu/workspace/medilab/vendor/stack/builder/src/Stack/StackedHttpKernel.php(23): Illuminate\Cookie\Guard->handle(Object(Illuminate\Http\Request), 1, true)
#16 /home/abhimanyu/workspace/medilab/vendor/laravel/framework/src/Illuminate/Foundation/Application.php(641): Stack\StackedHttpKernel->handle(Object(Illuminate\Http\Request))
#17 /home/abhimanyu/workspace/medilab/public/index.php(49): Illuminate\Foundation\Application->run()
#18 {main} [] []
